{"meta": {"format": 3, "version": "7.13.3", "timestamp": "2026-02-09T16:18:11.925000", "branch_coverage": false, "show_contexts": false}, "files": {"auth\\__init__.py": {"executed_lines": [], "summary": {"covered_lines": 0, "num_statements": 0, "percent_covered": 100.0, "percent_covered_display": "100", "missing_lines": 0, "excluded_lines": 0, "percent_statements_covered": 100.0, "percent_statements_covered_display": "100"}, "missing_lines": [], "excluded_lines": [], "functions": {"": {"executed_lines": [], "summary": {"covered_lines": 0, "num_statements": 0, "percent_covered": 100.0, "percent_covered_display": "100", "missing_lines": 0, "excluded_lines": 0, "percent_statements_covered": 100.0, "percent_statements_covered_display": "100"}, "missing_lines": [], "excluded_lines": [], "start_line": 1}}, "classes": {"": {"executed_lines": [], "summary": {"covered_lines": 0, "num_statements": 0, "percent_covered": 100.0, "percent_covered_display": "100", "missing_lines": 0, "excluded_lines": 0, "percent_statements_covered": 100.0, "percent_statements_covered_display": "100"}, "missing_lines": [], "excluded_lines": [], "start_line": 1}}}, "auth\\dependencies.py": {"executed_lines": [1, 2, 3, 4, 6, 7, 8, 9, 12, 15, 45, 66], "summary": {"covered_lines": 12, "num_statements": 38, "percent_covered": 31.57894736842105, "percent_covered_display": "32", "missing_lines": 26, "excluded_lines": 0, "percent_statements_covered": 31.57894736842105, "percent_statements_covered_display": "32"}, "missing_lines": [20, 26, 27, 28, 29, 31, 32, 33, 35, 36, 37, 39, 41, 42, 50, 51, 56, 57, 59, 63, 71, 72, 77, 78, 80, 84], "excluded_lines": [], "functions": {"get_current_user": {"executed_lines": [], "summary": {"covered_lines": 0, "num_statements": 14, "percent_covered": 0.0, "percent_covered_display": "0", "missing_lines": 14, "excluded_lines": 0, "percent_statements_covered": 0.0, "percent_statements_covered_display": "0"}, "missing_lines": [20, 26, 27, 28, 29, 31, 32, 33, 35, 36, 37, 39, 41, 42], "excluded_lines": [], "start_line": 15}, "get_current_admin": {"executed_lines": [], "summary": {"covered_lines": 0, "num_statements": 6, "percent_covered": 0.0, "percent_covered_display": "0", "missing_lines": 6, "excluded_lines": 0, "percent_statements_covered": 0.0, "percent_statements_covered_display": "0"}, "missing_lines": [50, 51, 56, 57, 59, 63], "excluded_lines": [], "start_line": 45}, "get_current_normal_user": {"executed_lines": [], "summary": {"covered_lines": 0, "num_statements": 6, "percent_covered": 0.0, "percent_covered_display": "0", "missing_lines": 6, "excluded_lines": 0, "percent_statements_covered": 0.0, "percent_statements_covered_display": "0"}, "missing_lines": [71, 72, 77, 78, 80, 84], "excluded_lines": [], "start_line": 66}, "": {"executed_lines": [1, 2, 3, 4, 6, 7, 8, 9, 12, 15, 45, 66], "summary": {"covered_lines": 12, "num_statements": 12, "percent_covered": 100.0, "percent_covered_display": "100", "missing_lines": 0, "excluded_lines": 0, "percent_statements_covered": 100.0, "percent_statements_covered_display": "100"}, "missing_lines": [], "excluded_lines": [], "start_line": 1}}, "classes": {"": {"executed_lines": [1, 2, 3, 4, 6, 7, 8, 9, 12, 15, 45, 66], "summary": {"covered_lines": 12, "num_statements": 38, "percent_covered": 31.57894736842105, "percent_covered_display": "32", "missing_lines": 26, "excluded_lines": 0, "percent_statements_covered": 31.57894736842105, "percent_statements_covered_display": "32"}, "missing_lines": [20, 26, 27, 28, 29, 31, 32, 33, 35, 36, 37, 39, 41, 42, 50, 51, 56, 57, 59, 63, 71, 72, 77, 78, 80, 84], "excluded_lines": [], "start_line": 1}}}, "auth\\jwt.py": {"executed_lines": [1, 2, 3, 5, 6, 7, 8, 10, 11, 16, 17, 18, 19, 21, 26, 28, 31, 36, 41, 56, 61, 67, 68, 69, 70, 75, 76, 79, 84, 89, 90, 91, 106], "summary": {"covered_lines": 33, "num_statements": 52, "percent_covered": 63.46153846153846, "percent_covered_display": "63", "missing_lines": 19, "excluded_lines": 0, "percent_statements_covered": 63.46153846153846, "percent_statements_covered_display": "63"}, "missing_lines": [43, 46, 51, 71, 72, 73, 77, 93, 94, 95, 96, 97, 98, 99, 101, 108, 109, 110, 111], "excluded_lines": [], "functions": {"create_access_token": {"executed_lines": [28, 31, 36], "summary": {"covered_lines": 3, "num_statements": 3, "percent_covered": 100.0, "percent_covered_display": "100", "missing_lines": 0, "excluded_lines": 0, "percent_statements_covered": 100.0, "percent_statements_covered_display": "100"}, "missing_lines": [], "excluded_lines": [], "start_line": 26}, "create_refresh_token": {"executed_lines": [], "summary": {"covered_lines": 0, "num_statements": 3, "percent_covered": 0.0, "percent_covered_display": "0", "missing_lines": 3, "excluded_lines": 0, "percent_statements_covered": 0.0, "percent_statements_covered_display": "0"}, "missing_lines": [43, 46, 51], "excluded_lines": [], "start_line": 41}, "get_current_user": {"executed_lines": [61, 67, 68, 69, 70, 75, 76, 79], "summary": {"covered_lines": 8, "num_statements": 12, "percent_covered": 66.66666666666667, "percent_covered_display": "67", "missing_lines": 4, "excluded_lines": 0, "percent_statements_covered": 66.66666666666667, "percent_statements_covered_display": "67"}, "missing_lines": [71, 72, 73, 77], "excluded_lines": [], "start_line": 56}, "get_current_user_optional": {"executed_lines": [89, 90, 91], "summary": {"covered_lines": 3, "num_statements": 11, "percent_covered": 27.272727272727273, "percent_covered_display": "27", "missing_lines": 8, "excluded_lines": 0, "percent_statements_covered": 27.272727272727273, "percent_statements_covered_display": "27"}, "missing_lines": [93, 94, 95, 96, 97, 98, 99, 101], "excluded_lines": [], "start_line": 84}, "decode_access_token": {"executed_lines": [], "summary": {"covered_lines": 0, "num_statements": 4, "percent_covered": 0.0, "percent_covered_display": "0", "missing_lines": 4, "excluded_lines": 0, "percent_statements_covered": 0.0, "percent_statements_covered_display": "0"}, "missing_lines": [108, 109, 110, 111], "excluded_lines": [], "start_line": 106}, "": {"executed_lines": [1, 2, 3, 5, 6, 7, 8, 10, 11, 16, 17, 18, 19, 21, 26, 41, 56, 84, 106], "summary": {"covered_lines": 19, "num_statements": 19, "percent_covered": 100.0, "percent_covered_display": "100", "missing_lines": 0, "excluded_lines": 0, "percent_statements_covered": 100.0, "percent_statements_covered_display": "100"}, "missing_lines": [], "excluded_lines": [], "start_line": 1}}, "classes": {"": {"executed_lines": [1, 2, 3, 5, 6, 7, 8, 10, 11, 16, 17, 18, 19, 21, 26, 28, 31, 36, 41, 56, 61, 67, 68, 69, 70, 75, 76, 79, 84, 89, 90, 91, 106], "summary": {"covered_lines": 33, "num_statements": 52, "percent_covered": 63.46153846153846, "percent_covered_display": "63", "missing_lines": 19, "excluded_lines": 0, "percent_statements_covered": 63.46153846153846, "percent_statements_covered_display": "63"}, "missing_lines": [43, 46, 51, 71, 72, 73, 77, 93, 94, 95, 96, 97, 98, 99, 101, 108, 109, 110, 111], "excluded_lines": [], "start_line": 1}}}, "auth\\permissions.py": {"executed_lines": [1, 2, 3, 5, 11, 15], "summary": {"covered_lines": 6, "num_statements": 9, "percent_covered": 66.66666666666667, "percent_covered_display": "67", "missing_lines": 3, "excluded_lines": 0, "percent_statements_covered": 66.66666666666667, "percent_statements_covered_display": "67"}, "missing_lines": [12, 13, 14], "excluded_lines": [], "functions": {"require_role": {"executed_lines": [11, 15], "summary": {"covered_lines": 2, "num_statements": 2, "percent_covered": 100.0, "percent_covered_display": "100", "missing_lines": 0, "excluded_lines": 0, "percent_statements_covered": 100.0, "percent_statements_covered_display": "100"}, "missing_lines": [], "excluded_lines": [], "start_line": 5}, "require_role.wrapper": {"executed_lines": [], "summary": {"covered_lines": 0, "num_statements": 3, "percent_covered": 0.0, "percent_covered_display": "0", "missing_lines": 3, "excluded_lines": 0, "percent_statements_covered": 0.0, "percent_statements_covered_display": "0"}, "missing_lines": [12, 13, 14], "excluded_lines": [], "start_line": 11}, "": {"executed_lines": [1, 2, 3, 5], "summary": {"covered_lines": 4, "num_statements": 4, "percent_covered": 100.0, "percent_covered_display": "100", "missing_lines": 0, "excluded_lines": 0, "percent_statements_covered": 100.0, "percent_statements_covered_display": "100"}, "missing_lines": [], "excluded_lines": [], "start_line": 1}}, "classes": {"": {"executed_lines": [1, 2, 3, 5, 11, 15], "summary": {"covered_lines": 6, "num_statements": 9, "percent_covered": 66.66666666666667, "percent_covered_display": "67", "missing_lines": 3, "excluded_lines": 0, "percent_statements_covered": 66.66666666666667, "percent_statements_covered_display": "67"}, "missing_lines": [12, 13, 14], "excluded_lines": [], "start_line": 1}}}, "auth\\router.py": {"executed_lines": [1, 2, 3, 4, 6, 7, 8, 9, 10, 12, 13, 14, 16, 24, 25, 83, 84, 126, 127, 158, 159], "summary": {"covered_lines": 21, "num_statements": 89, "percent_covered": 23.59550561797753, "percent_covered_display": "24", "missing_lines": 68, "excluded_lines": 0, "percent_statements_covered": 23.59550561797753, "percent_statements_covered_display": "24"}, "missing_lines": [26, 27, 28, 30, 37, 38, 39, 41, 46, 47, 49, 56, 57, 60, 64, 70, 71, 72, 74, 75, 76, 77, 85, 87, 88, 90, 91, 93, 97, 102, 109, 110, 113, 114, 115, 117, 118, 119, 120, 128, 129, 130, 132, 133, 134, 137, 138, 139, 141, 142, 143, 145, 150, 151, 152, 160, 161, 162, 163, 164, 165, 167, 174, 175, 177, 178, 179, 180], "excluded_lines": [], "functions": {"register": {"executed_lines": [], "summary": {"covered_lines": 0, "num_statements": 22, "percent_covered": 0.0, "percent_covered_display": "0", "missing_lines": 22, "excluded_lines": 0, "percent_statements_covered": 0.0, "percent_statements_covered_display": "0"}, "missing_lines": [26, 27, 28, 30, 37, 38, 39, 41, 46, 47, 49, 56, 57, 60, 64, 70, 71, 72, 74, 75, 76, 77], "excluded_lines": [], "start_line": 25}, "login": {"executed_lines": [], "summary": {"covered_lines": 0, "num_statements": 17, "percent_covered": 0.0, "percent_covered_display": "0", "missing_lines": 17, "excluded_lines": 0, "percent_statements_covered": 0.0, "percent_statements_covered_display": "0"}, "missing_lines": [85, 87, 88, 90, 91, 93, 97, 102, 109, 110, 113, 114, 115, 117, 118, 119, 120], "excluded_lines": [], "start_line": 84}, "refresh_token": {"executed_lines": [], "summary": {"covered_lines": 0, "num_statements": 16, "percent_covered": 0.0, "percent_covered_display": "0", "missing_lines": 16, "excluded_lines": 0, "percent_statements_covered": 0.0, "percent_statements_covered_display": "0"}, "missing_lines": [128, 129, 130, 132, 133, 134, 137, 138, 139, 141, 142, 143, 145, 150, 151, 152], "excluded_lines": [], "start_line": 127}, "logout": {"executed_lines": [], "summary": {"covered_lines": 0, "num_statements": 13, "percent_covered": 0.0, "percent_covered_display": "0", "missing_lines": 13, "excluded_lines": 0, "percent_statements_covered": 0.0, "percent_statements_covered_display": "0"}, "missing_lines": [160, 161, 162, 163, 164, 165, 167, 174, 175, 177, 178, 179, 180], "excluded_lines": [], "start_line": 159}, "": {"executed_lines": [1, 2, 3, 4, 6, 7, 8, 9, 10, 12, 13, 14, 16, 24, 25, 83, 84, 126, 127, 158, 159], "summary": {"covered_lines": 21, "num_statements": 21, "percent_covered": 100.0, "percent_covered_display": "100", "missing_lines": 0, "excluded_lines": 0, "percent_statements_covered": 100.0, "percent_statements_covered_display": "100"}, "missing_lines": [], "excluded_lines": [], "start_line": 1}}, "classes": {"": {"executed_lines": [1, 2, 3, 4, 6, 7, 8, 9, 10, 12, 13, 14, 16, 24, 25, 83, 84, 126, 127, 158, 159], "summary": {"covered_lines": 21, "num_statements": 89, "percent_covered": 23.59550561797753, "percent_covered_display": "24", "missing_lines": 68, "excluded_lines": 0, "percent_statements_covered": 23.59550561797753, "percent_statements_covered_display": "24"}, "missing_lines": [26, 27, 28, 30, 37, 38, 39, 41, 46, 47, 49, 56, 57, 60, 64, 70, 71, 72, 74, 75, 76, 77, 85, 87, 88, 90, 91, 93, 97, 102, 109, 110, 113, 114, 115, 117, 118, 119, 120, 128, 129, 130, 132, 133, 134, 137, 138, 139, 141, 142, 143, 145, 150, 151, 152, 160, 161, 162, 163, 164, 165, 167, 174, 175, 177, 178, 179, 180], "excluded_lines": [], "start_line": 1}}}, "auth\\schemas.py": {"executed_lines": [2, 8, 9, 10, 11, 12, 19, 20, 21, 28, 29, 30, 37, 38, 39, 40, 41, 44], "summary": {"covered_lines": 18, "num_statements": 18, "percent_covered": 100.0, "percent_covered_display": "100", "missing_lines": 0, "excluded_lines": 0, "percent_statements_covered": 100.0, "percent_statements_covered_display": "100"}, "missing_lines": [], "excluded_lines": [], "functions": {"": {"executed_lines": [2, 8, 9, 10, 11, 12, 19, 20, 21, 28, 29, 30, 37, 38, 39, 40, 41, 44], "summary": {"covered_lines": 18, "num_statements": 18, "percent_covered": 100.0, "percent_covered_display": "100", "missing_lines": 0, "excluded_lines": 0, "percent_statements_covered": 100.0, "percent_statements_covered_display": "100"}, "missing_lines": [], "excluded_lines": [], "start_line": 1}}, "classes": {"UserCreate": {"executed_lines": [], "summary": {"covered_lines": 0, "num_statements": 0, "percent_covered": 100.0, "percent_covered_display": "100", "missing_lines": 0, "excluded_lines": 0, "percent_statements_covered": 100.0, "percent_statements_covered_display": "100"}, "missing_lines": [], "excluded_lines": [], "start_line": 8}, "UserLogin": {"executed_lines": [], "summary": {"covered_lines": 0, "num_statements": 0, "percent_covered": 100.0, "percent_covered_display": "100", "missing_lines": 0, "excluded_lines": 0, "percent_statements_covered": 100.0, "percent_statements_covered_display": "100"}, "missing_lines": [], "excluded_lines": [], "start_line": 19}, "Token": {"executed_lines": [], "summary": {"covered_lines": 0, "num_statements": 0, "percent_covered": 100.0, "percent_covered_display": "100", "missing_lines": 0, "excluded_lines": 0, "percent_statements_covered": 100.0, "percent_statements_covered_display": "100"}, "missing_lines": [], "excluded_lines": [], "start_line": 28}, "UserResponse": {"executed_lines": [], "summary": {"covered_lines": 0, "num_statements": 0, "percent_covered": 100.0, "percent_covered_display": "100", "missing_lines": 0, "excluded_lines": 0, "percent_statements_covered": 100.0, "percent_statements_covered_display": "100"}, "missing_lines": [], "excluded_lines": [], "start_line": 37}, "": {"executed_lines": [2, 8, 9, 10, 11, 12, 19, 20, 21, 28, 29, 30, 37, 38, 39, 40, 41, 44], "summary": {"covered_lines": 18, "num_statements": 18, "percent_covered": 100.0, "percent_covered_display": "100", "missing_lines": 0, "excluded_lines": 0, "percent_statements_covered": 100.0, "percent_statements_covered_display": "100"}, "missing_lines": [], "excluded_lines": [], "start_line": 1}}}, "auth\\security.py": {"executed_lines": [2, 5, 10, 16], "summary": {"covered_lines": 4, "num_statements": 6, "percent_covered": 66.66666666666667, "percent_covered_display": "67", "missing_lines": 2, "excluded_lines": 0, "percent_statements_covered": 66.66666666666667, "percent_statements_covered_display": "67"}, "missing_lines": [14, 20], "excluded_lines": [], "functions": {"hash_password": {"executed_lines": [], "summary": {"covered_lines": 0, "num_statements": 1, "percent_covered": 0.0, "percent_covered_display": "0", "missing_lines": 1, "excluded_lines": 0, "percent_statements_covered": 0.0, "percent_statements_covered_display": "0"}, "missing_lines": [14], "excluded_lines": [], "start_line": 10}, "verify_password": {"executed_lines": [], "summary": {"covered_lines": 0, "num_statements": 1, "percent_covered": 0.0, "percent_covered_display": "0", "missing_lines": 1, "excluded_lines": 0, "percent_statements_covered": 0.0, "percent_statements_covered_display": "0"}, "missing_lines": [20], "excluded_lines": [], "start_line": 16}, "": {"executed_lines": [2, 5, 10, 16], "summary": {"covered_lines": 4, "num_statements": 4, "percent_covered": 100.0, "percent_covered_display": "100", "missing_lines": 0, "excluded_lines": 0, "percent_statements_covered": 100.0, "percent_statements_covered_display": "100"}, "missing_lines": [], "excluded_lines": [], "start_line": 1}}, "classes": {"": {"executed_lines": [2, 5, 10, 16], "summary": {"covered_lines": 4, "num_statements": 6, "percent_covered": 66.66666666666667, "percent_covered_display": "67", "missing_lines": 2, "excluded_lines": 0, "percent_statements_covered": 66.66666666666667, "percent_statements_covered_display": "67"}, "missing_lines": [14, 20], "excluded_lines": [], "start_line": 1}}}, "database.py": {"executed_lines": [1, 2, 4, 6, 8, 14, 17, 18, 19, 20, 22], "summary": {"covered_lines": 11, "num_statements": 11, "percent_covered": 100.0, "percent_covered_display": "100", "missing_lines": 0, "excluded_lines": 0, "percent_statements_covered": 100.0, "percent_statements_covered_display": "100"}, "missing_lines": [], "excluded_lines": [], "functions": {"get_db": {"executed_lines": [18, 19, 20, 22], "summary": {"covered_lines": 4, "num_statements": 4, "percent_covered": 100.0, "percent_covered_display": "100", "missing_lines": 0, "excluded_lines": 0, "percent_statements_covered": 100.0, "percent_statements_covered_display": "100"}, "missing_lines": [], "excluded_lines": [], "start_line": 17}, "": {"executed_lines": [1, 2, 4, 6, 8, 14, 17], "summary": {"covered_lines": 7, "num_statements": 7, "percent_covered": 100.0, "percent_covered_display": "100", "missing_lines": 0, "excluded_lines": 0, "percent_statements_covered": 100.0, "percent_statements_covered_display": "100"}, "missing_lines": [], "excluded_lines": [], "start_line": 1}}, "classes": {"": {"executed_lines": [1, 2, 4, 6, 8, 14, 17, 18, 19, 20, 22], "summary": {"covered_lines": 11, "num_statements": 11, "percent_covered": 100.0, "percent_covered_display": "100", "missing_lines": 0, "excluded_lines": 0, "percent_statements_covered": 100.0, "percent_statements_covered_display": "100"}, "missing_lines": [], "excluded_lines": [], "start_line": 1}}}, "init_db.py": {"executed_lines": [1, 4], "summary": {"covered_lines": 2, "num_statements": 2, "percent_covered": 100.0, "percent_covered_display": "100", "missing_lines": 0, "excluded_lines": 0, "percent_statements_covered": 100.0, "percent_statements_covered_display": "100"}, "missing_lines": [], "excluded_lines": [], "functions": {"init_db": {"executed_lines": [4], "summary": {"covered_lines": 1, "num_statements": 1, "percent_covered": 100.0, "percent_covered_display": "100", "missing_lines": 0, "excluded_lines": 0, "percent_statements_covered": 100.0, "percent_statements_covered_display": "100"}, "missing_lines": [], "excluded_lines": [], "start_line": 1}, "": {"executed_lines": [1], "summary": {"covered_lines": 1, "num_statements": 1, "percent_covered": 100.0, "percent_covered_display": "100", "missing_lines": 0, "excluded_lines": 0, "percent_statements_covered": 100.0, "percent_statements_covered_display": "100"}, "missing_lines": [], "excluded_lines": [], "start_line": 1}}, "classes": {"": {"executed_lines": [1, 4], "summary": {"covered_lines": 2, "num_statements": 2, "percent_covered": 100.0, "percent_covered_display": "100", "missing_lines": 0, "excluded_lines": 0, "percent_statements_covered": 100.0, "percent_statements_covered_display": "100"}, "missing_lines": [], "excluded_lines": [], "start_line": 1}}}, "main.py": {"executed_lines": [2, 3, 5, 6, 8, 10, 14, 18, 19, 20, 21, 24, 25, 26, 27, 28, 31, 32, 36, 39, 40, 41, 42, 43, 44, 45, 46, 47, 48, 49, 50, 51, 54, 55, 56, 57, 58, 59, 60, 61, 62, 63, 64, 65, 66, 69, 70, 71, 72, 73, 74, 75, 76, 77, 78, 79, 82, 88, 94, 96, 97, 98, 100, 107, 115, 119, 120, 122, 125, 126, 127, 128, 135, 138, 144, 145, 148, 149, 150, 151, 152, 155, 156, 157, 158, 159, 162, 166, 167, 168, 169, 171, 174, 175, 176, 178, 179, 181, 183, 188, 189, 191, 192, 194, 195, 197, 198, 208, 209, 210, 212, 213, 214, 215, 216, 218, 222, 225, 226, 227, 228, 229, 230, 231, 232, 233, 234, 235, 238, 285, 286, 288, 289, 297, 301, 304, 305, 306, 307, 308, 310, 311, 312, 313, 314, 316, 317, 318, 319, 320, 322, 323, 324, 325, 326, 328, 329, 330, 331, 332, 335, 336, 373, 374, 377, 380, 381, 382, 385, 386, 387, 388, 389, 402, 403, 404, 407, 417, 418, 419, 420, 421, 423, 424, 459, 460, 469, 470, 471, 473, 476, 487, 488, 489, 490, 493, 494, 503, 504, 513, 514, 523, 524, 544, 545, 577, 578, 580, 583, 584, 585, 586, 589, 590, 591, 593, 594, 598, 599, 603, 604, 608, 609, 611, 612, 613, 614, 615, 616, 617, 618, 619, 621, 623, 638, 639, 640, 643, 655, 656, 661, 662, 664, 666, 675, 676, 677, 680, 682, 687, 690, 691, 693, 695, 696, 700, 708, 709, 710, 711, 712, 713, 715, 716, 726, 727, 734, 735, 743, 744, 779, 780, 784, 785, 789, 790, 794, 795, 799, 800, 801, 825, 826, 890, 908], "summary": {"covered_lines": 285, "num_statements": 441, "percent_covered": 64.62585034013605, "percent_covered_display": "65", "missing_lines": 156, "excluded_lines": 0, "percent_statements_covered": 64.62585034013605, "percent_statements_covered_display": "65"}, "missing_lines": [129, 130, 131, 132, 163, 184, 298, 299, 300, 344, 345, 346, 348, 355, 357, 363, 365, 367, 368, 370, 378, 391, 395, 396, 397, 398, 399, 408, 409, 411, 413, 431, 432, 433, 435, 441, 443, 449, 451, 453, 454, 456, 461, 463, 464, 465, 466, 477, 478, 480, 482, 484, 485, 495, 497, 498, 499, 500, 505, 507, 508, 509, 510, 515, 517, 518, 519, 520, 530, 531, 533, 534, 536, 546, 547, 549, 551, 552, 554, 556, 557, 565, 567, 581, 595, 596, 600, 601, 605, 606, 632, 633, 634, 635, 641, 678, 697, 698, 717, 728, 729, 730, 731, 736, 737, 739, 740, 745, 747, 761, 765, 766, 774, 776, 781, 786, 787, 791, 792, 796, 832, 833, 835, 838, 839, 842, 843, 850, 851, 854, 855, 859, 861, 862, 869, 870, 873, 874, 877, 878, 885, 886, 888, 892, 893, 894, 897, 898, 900, 901, 902, 904, 905, 906, 909, 910], "excluded_lines": [], "functions": {"custom_openapi": {"executed_lines": [97, 98, 100, 107, 115, 119, 120], "summary": {"covered_lines": 7, "num_statements": 7, "percent_covered": 100.0, "percent_covered_display": "100", "missing_lines": 0, "excluded_lines": 0, "percent_statements_covered": 100.0, "percent_statements_covered_display": "100"}, "missing_lines": [], "excluded_lines": [], "start_line": 96}, "security_headers": {"executed_lines": [150, 151, 152, 155, 156, 157, 158, 159, 162, 166, 167, 168, 169, 171], "summary": {"covered_lines": 14, "num_statements": 15, "percent_covered": 93.33333333333333, "percent_covered_display": "93", "missing_lines": 1, "excluded_lines": 0, "percent_statements_covered": 93.33333333333333, "percent_statements_covered_display": "93"}, "missing_lines": [163], "excluded_lines": [], "start_line": 149}, "rate_limiter": {"executed_lines": [181, 183, 188, 189, 191, 192, 194, 195, 197, 198, 208, 209, 210, 212, 213, 214, 215, 216, 218], "summary": {"covered_lines": 19, "num_statements": 20, "percent_covered": 95.0, "percent_covered_display": "95", "missing_lines": 1, "excluded_lines": 0, "percent_statements_covered": 95.0, "percent_statements_covered_display": "95"}, "missing_lines": [184], "excluded_lines": [], "start_line": 179}, "get_lang": {"executed_lines": [286], "summary": {"covered_lines": 1, "num_statements": 1, "percent_covered": 100.0, "percent_covered_display": "100", "missing_lines": 0, "excluded_lines": 0, "percent_statements_covered": 100.0, "percent_statements_covered_display": "100"}, "missing_lines": [], "excluded_lines": [], "start_line": 285}, "base_context": {"executed_lines": [289, 297, 301], "summary": {"covered_lines": 3, "num_statements": 6, "percent_covered": 50.0, "percent_covered_display": "50", "missing_lines": 3, "excluded_lines": 0, "percent_statements_covered": 50.0, "percent_statements_covered_display": "50"}, "missing_lines": [298, 299, 300], "excluded_lines": [], "start_line": 288}, "home": {"executed_lines": [306, 307, 308], "summary": {"covered_lines": 3, "num_statements": 3, "percent_covered": 100.0, "percent_covered_display": "100", "missing_lines": 0, "excluded_lines": 0, "percent_statements_covered": 100.0, "percent_statements_covered_display": "100"}, "missing_lines": [], "excluded_lines": [], "start_line": 305}, "about": {"executed_lines": [312, 313, 314], "summary": {"covered_lines": 3, "num_statements": 3, "percent_covered": 100.0, "percent_covered_display": "100", "missing_lines": 0, "excluded_lines": 0, "percent_statements_covered": 100.0, "percent_statements_covered_display": "100"}, "missing_lines": [], "excluded_lines": [], "start_line": 311}, "contact_page": {"executed_lines": [318, 319, 320], "summary": {"covered_lines": 3, "num_statements": 3, "percent_covered": 100.0, "percent_covered_display": "100", "missing_lines": 0, "excluded_lines": 0, "percent_statements_covered": 100.0, "percent_statements_covered_display": "100"}, "missing_lines": [], "excluded_lines": [], "start_line": 317}, "legal": {"executed_lines": [324, 325, 326], "summary": {"covered_lines": 3, "num_statements": 3, "percent_covered": 100.0, "percent_covered_display": "100", "missing_lines": 0, "excluded_lines": 0, "percent_statements_covered": 100.0, "percent_statements_covered_display": "100"}, "missing_lines": [], "excluded_lines": [], "start_line": 323}, "privacy": {"executed_lines": [330, 331, 332], "summary": {"covered_lines": 3, "num_statements": 3, "percent_covered": 100.0, "percent_covered_display": "100", "missing_lines": 0, "excluded_lines": 0, "percent_statements_covered": 100.0, "percent_statements_covered_display": "100"}, "missing_lines": [], "excluded_lines": [], "start_line": 329}, "send_contact": {"executed_lines": [], "summary": {"covered_lines": 0, "num_statements": 11, "percent_covered": 0.0, "percent_covered_display": "0", "missing_lines": 11, "excluded_lines": 0, "percent_statements_covered": 0.0, "percent_statements_covered_display": "0"}, "missing_lines": [344, 345, 346, 348, 355, 357, 363, 365, 367, 368, 370], "excluded_lines": [], "start_line": 336}, "login_page": {"executed_lines": [377, 380, 381, 382], "summary": {"covered_lines": 4, "num_statements": 5, "percent_covered": 80.0, "percent_covered_display": "80", "missing_lines": 1, "excluded_lines": 0, "percent_statements_covered": 80.0, "percent_statements_covered_display": "80"}, "missing_lines": [378], "excluded_lines": [], "start_line": 374}, "messages_page": {"executed_lines": [387, 388, 389], "summary": {"covered_lines": 3, "num_statements": 9, "percent_covered": 33.333333333333336, "percent_covered_display": "33", "missing_lines": 6, "excluded_lines": 0, "percent_statements_covered": 33.333333333333336, "percent_statements_covered_display": "33"}, "missing_lines": [391, 395, 396, 397, 398, 399], "excluded_lines": [], "start_line": 386}, "portfolio_page": {"executed_lines": [404, 407, 417, 418, 419, 420, 421], "summary": {"covered_lines": 7, "num_statements": 11, "percent_covered": 63.63636363636363, "percent_covered_display": "64", "missing_lines": 4, "excluded_lines": 0, "percent_statements_covered": 63.63636363636363, "percent_statements_covered_display": "64"}, "missing_lines": [408, 409, 411, 413], "excluded_lines": [], "start_line": 403}, "portfolio_comment": {"executed_lines": [], "summary": {"covered_lines": 0, "num_statements": 11, "percent_covered": 0.0, "percent_covered_display": "0", "missing_lines": 11, "excluded_lines": 0, "percent_statements_covered": 0.0, "percent_statements_covered_display": "0"}, "missing_lines": [431, 432, 433, 435, 441, 443, 449, 451, 453, 454, 456], "excluded_lines": [], "start_line": 424}, "academic_career_page": {"executed_lines": [], "summary": {"covered_lines": 0, "num_statements": 5, "percent_covered": 0.0, "percent_covered_display": "0", "missing_lines": 5, "excluded_lines": 0, "percent_statements_covered": 0.0, "percent_statements_covered_display": "0"}, "missing_lines": [461, 463, 464, 465, 466], "excluded_lines": [], "start_line": 460}, "publications_page": {"executed_lines": [471, 473, 476, 487, 488, 489, 490], "summary": {"covered_lines": 7, "num_statements": 13, "percent_covered": 53.84615384615385, "percent_covered_display": "54", "missing_lines": 6, "excluded_lines": 0, "percent_statements_covered": 53.84615384615385, "percent_statements_covered_display": "54"}, "missing_lines": [477, 478, 480, 482, 484, 485], "excluded_lines": [], "start_line": 470}, "distinctions_page": {"executed_lines": [], "summary": {"covered_lines": 0, "num_statements": 5, "percent_covered": 0.0, "percent_covered_display": "0", "missing_lines": 5, "excluded_lines": 0, "percent_statements_covered": 0.0, "percent_statements_covered_display": "0"}, "missing_lines": [495, 497, 498, 499, 500], "excluded_lines": [], "start_line": 494}, "cours_page": {"executed_lines": [], "summary": {"covered_lines": 0, "num_statements": 5, "percent_covered": 0.0, "percent_covered_display": "0", "missing_lines": 5, "excluded_lines": 0, "percent_statements_covered": 0.0, "percent_statements_covered_display": "0"}, "missing_lines": [505, 507, 508, 509, 510], "excluded_lines": [], "start_line": 504}, "media_page": {"executed_lines": [], "summary": {"covered_lines": 0, "num_statements": 5, "percent_covered": 0.0, "percent_covered_display": "0", "missing_lines": 5, "excluded_lines": 0, "percent_statements_covered": 0.0, "percent_statements_covered_display": "0"}, "missing_lines": [515, 517, 518, 519, 520], "excluded_lines": [], "start_line": 514}, "get_audits": {"executed_lines": [], "summary": {"covered_lines": 0, "num_statements": 5, "percent_covered": 0.0, "percent_covered_display": "0", "missing_lines": 5, "excluded_lines": 0, "percent_statements_covered": 0.0, "percent_statements_covered_display": "0"}, "missing_lines": [530, 531, 533, 534, 536], "excluded_lines": [], "start_line": 524}, "export_audits": {"executed_lines": [], "summary": {"covered_lines": 0, "num_statements": 10, "percent_covered": 0.0, "percent_covered_display": "0", "missing_lines": 10, "excluded_lines": 0, "percent_statements_covered": 0.0, "percent_statements_covered_display": "0"}, "missing_lines": [546, 547, 549, 551, 552, 554, 556, 557, 565, 567], "excluded_lines": [], "start_line": 545}, "export_dashboard_csv": {"executed_lines": [580, 583, 584, 585, 586, 589, 590, 591, 593, 594, 598, 599, 603, 604, 608, 609, 611, 612, 613, 614, 615, 616, 617, 618, 619, 621, 623], "summary": {"covered_lines": 27, "num_statements": 38, "percent_covered": 71.05263157894737, "percent_covered_display": "71", "missing_lines": 11, "excluded_lines": 0, "percent_statements_covered": 71.05263157894737, "percent_statements_covered_display": "71"}, "missing_lines": [581, 595, 596, 600, 601, 605, 606, 632, 633, 634, 635], "excluded_lines": [], "start_line": 578}, "export_dashboard_pdf": {"executed_lines": [640, 643], "summary": {"covered_lines": 2, "num_statements": 3, "percent_covered": 66.66666666666667, "percent_covered_display": "67", "missing_lines": 1, "excluded_lines": 0, "percent_statements_covered": 66.66666666666667, "percent_statements_covered_display": "67"}, "missing_lines": [641], "excluded_lines": [], "start_line": 639}, "audit_stats": {"executed_lines": [661, 662, 664, 666, 675, 676, 677, 680, 682, 687], "summary": {"covered_lines": 10, "num_statements": 11, "percent_covered": 90.9090909090909, "percent_covered_display": "91", "missing_lines": 1, "excluded_lines": 0, "percent_statements_covered": 90.9090909090909, "percent_statements_covered_display": "91"}, "missing_lines": [678], "excluded_lines": [], "start_line": 656}, "health_check": {"executed_lines": [693, 695, 696, 700], "summary": {"covered_lines": 4, "num_statements": 6, "percent_covered": 66.66666666666667, "percent_covered_display": "67", "missing_lines": 2, "excluded_lines": 0, "percent_statements_covered": 66.66666666666667, "percent_statements_covered_display": "67"}, "missing_lines": [697, 698], "excluded_lines": [], "start_line": 691}, "not_found_exception_handler": {"executed_lines": [710, 711, 712, 713], "summary": {"covered_lines": 4, "num_statements": 4, "percent_covered": 100.0, "percent_covered_display": "100", "missing_lines": 0, "excluded_lines": 0, "percent_statements_covered": 100.0, "percent_statements_covered_display": "100"}, "missing_lines": [], "excluded_lines": [], "start_line": 709}, "rate_limit_exception_handler": {"executed_lines": [], "summary": {"covered_lines": 0, "num_statements": 1, "percent_covered": 0.0, "percent_covered_display": "0", "missing_lines": 1, "excluded_lines": 0, "percent_statements_covered": 0.0, "percent_statements_covered_display": "0"}, "missing_lines": [717], "excluded_lines": [], "start_line": 716}, "internal_server_error_handler": {"executed_lines": [], "summary": {"covered_lines": 0, "num_statements": 4, "percent_covered": 0.0, "percent_covered_display": "0", "missing_lines": 4, "excluded_lines": 0, "percent_statements_covered": 0.0, "percent_statements_covered_display": "0"}, "missing_lines": [728, 729, 730, 731], "excluded_lines": [], "start_line": 727}, "switch_lang": {"executed_lines": [], "summary": {"covered_lines": 0, "num_statements": 4, "percent_covered": 0.0, "percent_covered_display": "0", "missing_lines": 4, "excluded_lines": 0, "percent_statements_covered": 0.0, "percent_statements_covered_display": "0"}, "missing_lines": [736, 737, 739, 740], "excluded_lines": [], "start_line": 735}, "sitemap": {"executed_lines": [], "summary": {"covered_lines": 0, "num_statements": 7, "percent_covered": 0.0, "percent_covered_display": "0", "missing_lines": 7, "excluded_lines": 0, "percent_statements_covered": 0.0, "percent_statements_covered_display": "0"}, "missing_lines": [745, 747, 761, 765, 766, 774, 776], "excluded_lines": [], "start_line": 744}, "favicon": {"executed_lines": [], "summary": {"covered_lines": 0, "num_statements": 1, "percent_covered": 0.0, "percent_covered_display": "0", "missing_lines": 1, "excluded_lines": 0, "percent_statements_covered": 0.0, "percent_statements_covered_display": "0"}, "missing_lines": [781], "excluded_lines": [], "start_line": 780}, "accept_cookies": {"executed_lines": [], "summary": {"covered_lines": 0, "num_statements": 2, "percent_covered": 0.0, "percent_covered_display": "0", "missing_lines": 2, "excluded_lines": 0, "percent_statements_covered": 0.0, "percent_statements_covered_display": "0"}, "missing_lines": [786, 787], "excluded_lines": [], "start_line": 785}, "decline_cookies": {"executed_lines": [], "summary": {"covered_lines": 0, "num_statements": 2, "percent_covered": 0.0, "percent_covered_display": "0", "missing_lines": 2, "excluded_lines": 0, "percent_statements_covered": 0.0, "percent_statements_covered_display": "0"}, "missing_lines": [791, 792], "excluded_lines": [], "start_line": 790}, "cookies_status": {"executed_lines": [], "summary": {"covered_lines": 0, "num_statements": 1, "percent_covered": 0.0, "percent_covered_display": "0", "missing_lines": 1, "excluded_lines": 0, "percent_statements_covered": 0.0, "percent_statements_covered_display": "0"}, "missing_lines": [796], "excluded_lines": [], "start_line": 795}, "api_info": {"executed_lines": [801], "summary": {"covered_lines": 1, "num_statements": 1, "percent_covered": 100.0, "percent_covered_display": "100", "missing_lines": 0, "excluded_lines": 0, "percent_statements_covered": 100.0, "percent_statements_covered_display": "100"}, "missing_lines": [], "excluded_lines": [], "start_line": 800}, "search": {"executed_lines": [], "summary": {"covered_lines": 0, "num_statements": 23, "percent_covered": 0.0, "percent_covered_display": "0", "missing_lines": 23, "excluded_lines": 0, "percent_statements_covered": 0.0, "percent_statements_covered_display": "0"}, "missing_lines": [832, 833, 835, 838, 839, 842, 843, 850, 851, 854, 855, 859, 861, 862, 869, 870, 873, 874, 877, 878, 885, 886, 888], "excluded_lines": [], "start_line": 826}, "": {"executed_lines": [2, 3, 5, 6, 8, 10, 14, 18, 19, 20, 21, 24, 25, 26, 27, 28, 31, 32, 36, 39, 40, 41, 42, 43, 44, 45, 46, 47, 48, 49, 50, 51, 54, 55, 56, 57, 58, 59, 60, 61, 62, 63, 64, 65, 66, 69, 70, 71, 72, 73, 74, 75, 76, 77, 78, 79, 82, 88, 94, 96, 122, 125, 126, 127, 128, 135, 138, 144, 145, 148, 149, 174, 175, 176, 178, 179, 222, 225, 226, 227, 228, 229, 230, 231, 232, 233, 234, 235, 238, 285, 288, 304, 305, 310, 311, 316, 317, 322, 323, 328, 329, 335, 336, 373, 374, 385, 386, 402, 403, 423, 424, 459, 460, 469, 470, 493, 494, 503, 504, 513, 514, 523, 524, 544, 545, 577, 578, 638, 639, 655, 656, 690, 691, 708, 709, 715, 716, 726, 727, 734, 735, 743, 744, 779, 780, 784, 785, 789, 790, 794, 795, 799, 800, 825, 826, 890, 908], "summary": {"covered_lines": 157, "num_statements": 174, "percent_covered": 90.22988505747126, "percent_covered_display": "90", "missing_lines": 17, "excluded_lines": 0, "percent_statements_covered": 90.22988505747126, "percent_statements_covered_display": "90"}, "missing_lines": [129, 130, 131, 132, 892, 893, 894, 897, 898, 900, 901, 902, 904, 905, 906, 909, 910], "excluded_lines": [], "start_line": 1}}, "classes": {"": {"executed_lines": [2, 3, 5, 6, 8, 10, 14, 18, 19, 20, 21, 24, 25, 26, 27, 28, 31, 32, 36, 39, 40, 41, 42, 43, 44, 45, 46, 47, 48, 49, 50, 51, 54, 55, 56, 57, 58, 59, 60, 61, 62, 63, 64, 65, 66, 69, 70, 71, 72, 73, 74, 75, 76, 77, 78, 79, 82, 88, 94, 96, 97, 98, 100, 107, 115, 119, 120, 122, 125, 126, 127, 128, 135, 138, 144, 145, 148, 149, 150, 151, 152, 155, 156, 157, 158, 159, 162, 166, 167, 168, 169, 171, 174, 175, 176, 178, 179, 181, 183, 188, 189, 191, 192, 194, 195, 197, 198, 208, 209, 210, 212, 213, 214, 215, 216, 218, 222, 225, 226, 227, 228, 229, 230, 231, 232, 233, 234, 235, 238, 285, 286, 288, 289, 297, 301, 304, 305, 306, 307, 308, 310, 311, 312, 313, 314, 316, 317, 318, 319, 320, 322, 323, 324, 325, 326, 328, 329, 330, 331, 332, 335, 336, 373, 374, 377, 380, 381, 382, 385, 386, 387, 388, 389, 402, 403, 404, 407, 417, 418, 419, 420, 421, 423, 424, 459, 460, 469, 470, 471, 473, 476, 487, 488, 489, 490, 493, 494, 503, 504, 513, 514, 523, 524, 544, 545, 577, 578, 580, 583, 584, 585, 586, 589, 590, 591, 593, 594, 598, 599, 603, 604, 608, 609, 611, 612, 613, 614, 615, 616, 617, 618, 619, 621, 623, 638, 639, 640, 643, 655, 656, 661, 662, 664, 666, 675, 676, 677, 680, 682, 687, 690, 691, 693, 695, 696, 700, 708, 709, 710, 711, 712, 713, 715, 716, 726, 727, 734, 735, 743, 744, 779, 780, 784, 785, 789, 790, 794, 795, 799, 800, 801, 825, 826, 890, 908], "summary": {"covered_lines": 285, "num_statements": 441, "percent_covered": 64.62585034013605, "percent_covered_display": "65", "missing_lines": 156, "excluded_lines": 0, "percent_statements_covered": 64.62585034013605, "percent_statements_covered_display": "65"}, "missing_lines": [129, 130, 131, 132, 163, 184, 298, 299, 300, 344, 345, 346, 348, 355, 357, 363, 365, 367, 368, 370, 378, 391, 395, 396, 397, 398, 399, 408, 409, 411, 413, 431, 432, 433, 435, 441, 443, 449, 451, 453, 454, 456, 461, 463, 464, 465, 466, 477, 478, 480, 482, 484, 485, 495, 497, 498, 499, 500, 505, 507, 508, 509, 510, 515, 517, 518, 519, 520, 530, 531, 533, 534, 536, 546, 547, 549, 551, 552, 554, 556, 557, 565, 567, 581, 595, 596, 600, 601, 605, 606, 632, 633, 634, 635, 641, 678, 697, 698, 717, 728, 729, 730, 731, 736, 737, 739, 740, 745, 747, 761, 765, 766, 774, 776, 781, 786, 787, 791, 792, 796, 832, 833, 835, 838, 839, 842, 843, 850, 851, 854, 855, 859, 861, 862, 869, 870, 873, 874, 877, 878, 885, 886, 888, 892, 893, 894, 897, 898, 900, 901, 902, 904, 905, 906, 909, 910], "excluded_lines": [], "start_line": 1}}}, "models\\__init__.py": {"executed_lines": [5, 6, 7, 8, 9, 10, 11, 12, 13, 14, 15, 16, 17, 19], "summary": {"covered_lines": 14, "num_statements": 14, "percent_covered": 100.0, "percent_covered_display": "100", "missing_lines": 0, "excluded_lines": 0, "percent_statements_covered": 100.0, "percent_statements_covered_display": "100"}, "missing_lines": [], "excluded_lines": [], "functions": {"": {"executed_lines": [5, 6, 7, 8, 9, 10, 11, 12, 13, 14, 15, 16, 17, 19], "summary": {"covered_lines": 14, "num_statements": 14, "percent_covered": 100.0, "percent_covered_display": "100", "missing_lines": 0, "excluded_lines": 0, "percent_statements_covered": 100.0, "percent_statements_covered_display": "100"}, "missing_lines": [], "excluded_lines": [], "start_line": 1}}, "classes": {"": {"executed_lines": [5, 6, 7, 8, 9, 10, 11, 12, 13, 14, 15, 16, 17, 19], "summary": {"covered_lines": 14, "num_statements": 14, "percent_covered": 100.0, "percent_covered_display": "100", "missing_lines": 0, "excluded_lines": 0, "percent_statements_covered": 100.0, "percent_statements_covered_display": "100"}, "missing_lines": [], "excluded_lines": [], "start_line": 1}}}, "models\\academic_career.py": {"executed_lines": [2, 3, 4, 5, 7, 8, 10, 11, 12, 13, 14, 15, 18, 19, 22, 24], "summary": {"covered_lines": 16, "num_statements": 17, "percent_covered": 94.11764705882354, "percent_covered_display": "94", "missing_lines": 1, "excluded_lines": 0, "percent_statements_covered": 94.11764705882354, "percent_statements_covered_display": "94"}, "missing_lines": [25], "excluded_lines": [], "functions": {"AcademicCareer.__repr__": {"executed_lines": [], "summary": {"covered_lines": 0, "num_statements": 1, "percent_covered": 0.0, "percent_covered_display": "0", "missing_lines": 1, "excluded_lines": 0, "percent_statements_covered": 0.0, "percent_statements_covered_display": "0"}, "missing_lines": [25], "excluded_lines": [], "start_line": 24}, "": {"executed_lines": [2, 3, 4, 5, 7, 8, 10, 11, 12, 13, 14, 15, 18, 19, 22, 24], "summary": {"covered_lines": 16, "num_statements": 16, "percent_covered": 100.0, "percent_covered_display": "100", "missing_lines": 0, "excluded_lines": 0, "percent_statements_covered": 100.0, "percent_statements_covered_display": "100"}, "missing_lines": [], "excluded_lines": [], "start_line": 1}}, "classes": {"AcademicCareer": {"executed_lines": [], "summary": {"covered_lines": 0, "num_statements": 1, "percent_covered": 0.0, "percent_covered_display": "0", "missing_lines": 1, "excluded_lines": 0, "percent_statements_covered": 0.0, "percent_statements_covered_display": "0"}, "missing_lines": [25], "excluded_lines": [], "start_line": 7}, "": {"executed_lines": [2, 3, 4, 5, 7, 8, 10, 11, 12, 13, 14, 15, 18, 19, 22, 24], "summary": {"covered_lines": 16, "num_statements": 16, "percent_covered": 100.0, "percent_covered_display": "100", "missing_lines": 0, "excluded_lines": 0, "percent_statements_covered": 100.0, "percent_statements_covered_display": "100"}, "missing_lines": [], "excluded_lines": [], "start_line": 1}}}, "models\\audit.py": {"executed_lines": [1, 2, 3, 4, 6, 7, 9, 10, 11, 12, 13, 15], "summary": {"covered_lines": 12, "num_statements": 12, "percent_covered": 100.0, "percent_covered_display": "100", "missing_lines": 0, "excluded_lines": 0, "percent_statements_covered": 100.0, "percent_statements_covered_display": "100"}, "missing_lines": [], "excluded_lines": [], "functions": {"": {"executed_lines": [1, 2, 3, 4, 6, 7, 9, 10, 11, 12, 13, 15], "summary": {"covered_lines": 12, "num_statements": 12, "percent_covered": 100.0, "percent_covered_display": "100", "missing_lines": 0, "excluded_lines": 0, "percent_statements_covered": 100.0, "percent_statements_covered_display": "100"}, "missing_lines": [], "excluded_lines": [], "start_line": 1}}, "classes": {"Audit": {"executed_lines": [], "summary": {"covered_lines": 0, "num_statements": 0, "percent_covered": 100.0, "percent_covered_display": "100", "missing_lines": 0, "excluded_lines": 0, "percent_statements_covered": 100.0, "percent_statements_covered_display": "100"}, "missing_lines": [], "excluded_lines": [], "start_line": 6}, "": {"executed_lines": [1, 2, 3, 4, 6, 7, 9, 10, 11, 12, 13, 15], "summary": {"covered_lines": 12, "num_statements": 12, "percent_covered": 100.0, "percent_covered_display": "100", "missing_lines": 0, "excluded_lines": 0, "percent_statements_covered": 100.0, "percent_statements_covered_display": "100"}, "missing_lines": [], "excluded_lines": [], "start_line": 1}}}, "models\\comment.py": {"executed_lines": [2, 3, 4, 5, 7, 8, 10, 11, 12, 15, 16, 17, 20, 21, 22, 24], "summary": {"covered_lines": 16, "num_statements": 17, "percent_covered": 94.11764705882354, "percent_covered_display": "94", "missing_lines": 1, "excluded_lines": 0, "percent_statements_covered": 94.11764705882354, "percent_statements_covered_display": "94"}, "missing_lines": [25], "excluded_lines": [], "functions": {"Comment.__repr__": {"executed_lines": [], "summary": {"covered_lines": 0, "num_statements": 1, "percent_covered": 0.0, "percent_covered_display": "0", "missing_lines": 1, "excluded_lines": 0, "percent_statements_covered": 0.0, "percent_statements_covered_display": "0"}, "missing_lines": [25], "excluded_lines": [], "start_line": 24}, "": {"executed_lines": [2, 3, 4, 5, 7, 8, 10, 11, 12, 15, 16, 17, 20, 21, 22, 24], "summary": {"covered_lines": 16, "num_statements": 16, "percent_covered": 100.0, "percent_covered_display": "100", "missing_lines": 0, "excluded_lines": 0, "percent_statements_covered": 100.0, "percent_statements_covered_display": "100"}, "missing_lines": [], "excluded_lines": [], "start_line": 1}}, "classes": {"Comment": {"executed_lines": [], "summary": {"covered_lines": 0, "num_statements": 1, "percent_covered": 0.0, "percent_covered_display": "0", "missing_lines": 1, "excluded_lines": 0, "percent_statements_covered": 0.0, "percent_statements_covered_display": "0"}, "missing_lines": [25], "excluded_lines": [], "start_line": 7}, "": {"executed_lines": [2, 3, 4, 5, 7, 8, 10, 11, 12, 15, 16, 17, 20, 21, 22, 24], "summary": {"covered_lines": 16, "num_statements": 16, "percent_covered": 100.0, "percent_covered_display": "100", "missing_lines": 0, "excluded_lines": 0, "percent_statements_covered": 100.0, "percent_statements_covered_display": "100"}, "missing_lines": [], "excluded_lines": [], "start_line": 1}}}, "models\\cours.py": {"executed_lines": [1, 2, 3, 5, 6, 8, 10, 11, 12, 13, 15], "summary": {"covered_lines": 11, "num_statements": 11, "percent_covered": 100.0, "percent_covered_display": "100", "missing_lines": 0, "excluded_lines": 0, "percent_statements_covered": 100.0, "percent_statements_covered_display": "100"}, "missing_lines": [], "excluded_lines": [], "functions": {"": {"executed_lines": [1, 2, 3, 5, 6, 8, 10, 11, 12, 13, 15], "summary": {"covered_lines": 11, "num_statements": 11, "percent_covered": 100.0, "percent_covered_display": "100", "missing_lines": 0, "excluded_lines": 0, "percent_statements_covered": 100.0, "percent_statements_covered_display": "100"}, "missing_lines": [], "excluded_lines": [], "start_line": 1}}, "classes": {"Cours": {"executed_lines": [], "summary": {"covered_lines": 0, "num_statements": 0, "percent_covered": 100.0, "percent_covered_display": "100", "missing_lines": 0, "excluded_lines": 0, "percent_statements_covered": 100.0, "percent_statements_covered_display": "100"}, "missing_lines": [], "excluded_lines": [], "start_line": 5}, "": {"executed_lines": [1, 2, 3, 5, 6, 8, 10, 11, 12, 13, 15], "summary": {"covered_lines": 11, "num_statements": 11, "percent_covered": 100.0, "percent_covered_display": "100", "missing_lines": 0, "excluded_lines": 0, "percent_statements_covered": 100.0, "percent_statements_covered_display": "100"}, "missing_lines": [], "excluded_lines": [], "start_line": 1}}}, "models\\distinction.py": {"executed_lines": [1, 2, 3, 5, 6, 8, 10, 11, 12, 13, 15], "summary": {"covered_lines": 11, "num_statements": 11, "percent_covered": 100.0, "percent_covered_display": "100", "missing_lines": 0, "excluded_lines": 0, "percent_statements_covered": 100.0, "percent_statements_covered_display": "100"}, "missing_lines": [], "excluded_lines": [], "functions": {"": {"executed_lines": [1, 2, 3, 5, 6, 8, 10, 11, 12, 13, 15], "summary": {"covered_lines": 11, "num_statements": 11, "percent_covered": 100.0, "percent_covered_display": "100", "missing_lines": 0, "excluded_lines": 0, "percent_statements_covered": 100.0, "percent_statements_covered_display": "100"}, "missing_lines": [], "excluded_lines": [], "start_line": 1}}, "classes": {"Distinction": {"executed_lines": [], "summary": {"covered_lines": 0, "num_statements": 0, "percent_covered": 100.0, "percent_covered_display": "100", "missing_lines": 0, "excluded_lines": 0, "percent_statements_covered": 100.0, "percent_statements_covered_display": "100"}, "missing_lines": [], "excluded_lines": [], "start_line": 5}, "": {"executed_lines": [1, 2, 3, 5, 6, 8, 10, 11, 12, 13, 15], "summary": {"covered_lines": 11, "num_statements": 11, "percent_covered": 100.0, "percent_covered_display": "100", "missing_lines": 0, "excluded_lines": 0, "percent_statements_covered": 100.0, "percent_statements_covered_display": "100"}, "missing_lines": [], "excluded_lines": [], "start_line": 1}}}, "models\\media_artefact.py": {"executed_lines": [1, 2, 3, 4, 6, 7, 9, 11, 12, 13, 14, 17, 18, 21, 23], "summary": {"covered_lines": 15, "num_statements": 16, "percent_covered": 93.75, "percent_covered_display": "94", "missing_lines": 1, "excluded_lines": 0, "percent_statements_covered": 93.75, "percent_statements_covered_display": "94"}, "missing_lines": [24], "excluded_lines": [], "functions": {"MediaArtefact.__repr__": {"executed_lines": [], "summary": {"covered_lines": 0, "num_statements": 1, "percent_covered": 0.0, "percent_covered_display": "0", "missing_lines": 1, "excluded_lines": 0, "percent_statements_covered": 0.0, "percent_statements_covered_display": "0"}, "missing_lines": [24], "excluded_lines": [], "start_line": 23}, "": {"executed_lines": [1, 2, 3, 4, 6, 7, 9, 11, 12, 13, 14, 17, 18, 21, 23], "summary": {"covered_lines": 15, "num_statements": 15, "percent_covered": 100.0, "percent_covered_display": "100", "missing_lines": 0, "excluded_lines": 0, "percent_statements_covered": 100.0, "percent_statements_covered_display": "100"}, "missing_lines": [], "excluded_lines": [], "start_line": 1}}, "classes": {"MediaArtefact": {"executed_lines": [], "summary": {"covered_lines": 0, "num_statements": 1, "percent_covered": 0.0, "percent_covered_display": "0", "missing_lines": 1, "excluded_lines": 0, "percent_statements_covered": 0.0, "percent_statements_covered_display": "0"}, "missing_lines": [24], "excluded_lines": [], "start_line": 6}, "": {"executed_lines": [1, 2, 3, 4, 6, 7, 9, 11, 12, 13, 14, 17, 18, 21, 23], "summary": {"covered_lines": 15, "num_statements": 15, "percent_covered": 100.0, "percent_covered_display": "100", "missing_lines": 0, "excluded_lines": 0, "percent_statements_covered": 100.0, "percent_statements_covered_display": "100"}, "missing_lines": [], "excluded_lines": [], "start_line": 1}}}, "models\\message_contact.py": {"executed_lines": [1, 2, 3, 4, 7, 8, 10, 11, 14, 15, 16, 17, 20], "summary": {"covered_lines": 13, "num_statements": 13, "percent_covered": 100.0, "percent_covered_display": "100", "missing_lines": 0, "excluded_lines": 0, "percent_statements_covered": 100.0, "percent_statements_covered_display": "100"}, "missing_lines": [], "excluded_lines": [], "functions": {"": {"executed_lines": [1, 2, 3, 4, 7, 8, 10, 11, 14, 15, 16, 17, 20], "summary": {"covered_lines": 13, "num_statements": 13, "percent_covered": 100.0, "percent_covered_display": "100", "missing_lines": 0, "excluded_lines": 0, "percent_statements_covered": 100.0, "percent_statements_covered_display": "100"}, "missing_lines": [], "excluded_lines": [], "start_line": 1}}, "classes": {"MessageContact": {"executed_lines": [], "summary": {"covered_lines": 0, "num_statements": 0, "percent_covered": 100.0, "percent_covered_display": "100", "missing_lines": 0, "excluded_lines": 0, "percent_statements_covered": 100.0, "percent_statements_covered_display": "100"}, "missing_lines": [], "excluded_lines": [], "start_line": 7}, "": {"executed_lines": [1, 2, 3, 4, 7, 8, 10, 11, 14, 15, 16, 17, 20], "summary": {"covered_lines": 13, "num_statements": 13, "percent_covered": 100.0, "percent_covered_display": "100", "missing_lines": 0, "excluded_lines": 0, "percent_statements_covered": 100.0, "percent_statements_covered_display": "100"}, "missing_lines": [], "excluded_lines": [], "start_line": 1}}}, "models\\profile.py": {"executed_lines": [1, 2, 3, 4, 6, 7, 9, 10, 13, 14, 15, 18, 19, 22, 23, 24, 27, 28, 33, 36, 42, 48, 54, 60, 66, 72, 78, 84], "summary": {"covered_lines": 28, "num_statements": 29, "percent_covered": 96.55172413793103, "percent_covered_display": "97", "missing_lines": 1, "excluded_lines": 0, "percent_statements_covered": 96.55172413793103, "percent_statements_covered_display": "97"}, "missing_lines": [85], "excluded_lines": [], "functions": {"Profile.__repr__": {"executed_lines": [], "summary": {"covered_lines": 0, "num_statements": 1, "percent_covered": 0.0, "percent_covered_display": "0", "missing_lines": 1, "excluded_lines": 0, "percent_statements_covered": 0.0, "percent_statements_covered_display": "0"}, "missing_lines": [85], "excluded_lines": [], "start_line": 84}, "": {"executed_lines": [1, 2, 3, 4, 6, 7, 9, 10, 13, 14, 15, 18, 19, 22, 23, 24, 27, 28, 33, 36, 42, 48, 54, 60, 66, 72, 78, 84], "summary": {"covered_lines": 28, "num_statements": 28, "percent_covered": 100.0, "percent_covered_display": "100", "missing_lines": 0, "excluded_lines": 0, "percent_statements_covered": 100.0, "percent_statements_covered_display": "100"}, "missing_lines": [], "excluded_lines": [], "start_line": 1}}, "classes": {"Profile": {"executed_lines": [], "summary": {"covered_lines": 0, "num_statements": 1, "percent_covered": 0.0, "percent_covered_display": "0", "missing_lines": 1, "excluded_lines": 0, "percent_statements_covered": 0.0, "percent_statements_covered_display": "0"}, "missing_lines": [85], "excluded_lines": [], "start_line": 6}, "": {"executed_lines": [1, 2, 3, 4, 6, 7, 9, 10, 13, 14, 15, 18, 19, 22, 23, 24, 27, 28, 33, 36, 42, 48, 54, 60, 66, 72, 78, 84], "summary": {"covered_lines": 28, "num_statements": 28, "percent_covered": 100.0, "percent_covered_display": "100", "missing_lines": 0, "excluded_lines": 0, "percent_statements_covered": 100.0, "percent_statements_covered_display": "100"}, "missing_lines": [], "excluded_lines": [], "start_line": 1}}}, "models\\project.py": {"executed_lines": [1, 2, 3, 4, 6, 7, 9, 10, 13, 14, 15, 18, 19, 20, 22, 27, 29], "summary": {"covered_lines": 17, "num_statements": 17, "percent_covered": 100.0, "percent_covered_display": "100", "missing_lines": 0, "excluded_lines": 0, "percent_statements_covered": 100.0, "percent_statements_covered_display": "100"}, "missing_lines": [], "excluded_lines": [], "functions": {"": {"executed_lines": [1, 2, 3, 4, 6, 7, 9, 10, 13, 14, 15, 18, 19, 20, 22, 27, 29], "summary": {"covered_lines": 17, "num_statements": 17, "percent_covered": 100.0, "percent_covered_display": "100", "missing_lines": 0, "excluded_lines": 0, "percent_statements_covered": 100.0, "percent_statements_covered_display": "100"}, "missing_lines": [], "excluded_lines": [], "start_line": 1}}, "classes": {"Project": {"executed_lines": [], "summary": {"covered_lines": 0, "num_statements": 0, "percent_covered": 100.0, "percent_covered_display": "100", "missing_lines": 0, "excluded_lines": 0, "percent_statements_covered": 100.0, "percent_statements_covered_display": "100"}, "missing_lines": [], "excluded_lines": [], "start_line": 6}, "": {"executed_lines": [1, 2, 3, 4, 6, 7, 9, 10, 13, 14, 15, 18, 19, 20, 22, 27, 29], "summary": {"covered_lines": 17, "num_statements": 17, "percent_covered": 100.0, "percent_covered_display": "100", "missing_lines": 0, "excluded_lines": 0, "percent_statements_covered": 100.0, "percent_statements_covered_display": "100"}, "missing_lines": [], "excluded_lines": [], "start_line": 1}}}, "models\\publication.py": {"executed_lines": [1, 2, 3, 4, 6, 7, 9, 10, 13, 14, 15, 18, 19, 21, 26, 28], "summary": {"covered_lines": 16, "num_statements": 16, "percent_covered": 100.0, "percent_covered_display": "100", "missing_lines": 0, "excluded_lines": 0, "percent_statements_covered": 100.0, "percent_statements_covered_display": "100"}, "missing_lines": [], "excluded_lines": [], "functions": {"": {"executed_lines": [1, 2, 3, 4, 6, 7, 9, 10, 13, 14, 15, 18, 19, 21, 26, 28], "summary": {"covered_lines": 16, "num_statements": 16, "percent_covered": 100.0, "percent_covered_display": "100", "missing_lines": 0, "excluded_lines": 0, "percent_statements_covered": 100.0, "percent_statements_covered_display": "100"}, "missing_lines": [], "excluded_lines": [], "start_line": 1}}, "classes": {"Publication": {"executed_lines": [], "summary": {"covered_lines": 0, "num_statements": 0, "percent_covered": 100.0, "percent_covered_display": "100", "missing_lines": 0, "excluded_lines": 0, "percent_statements_covered": 100.0, "percent_statements_covered_display": "100"}, "missing_lines": [], "excluded_lines": [], "start_line": 6}, "": {"executed_lines": [1, 2, 3, 4, 6, 7, 9, 10, 13, 14, 15, 18, 19, 21, 26, 28], "summary": {"covered_lines": 16, "num_statements": 16, "percent_covered": 100.0, "percent_covered_display": "100", "missing_lines": 0, "excluded_lines": 0, "percent_statements_covered": 100.0, "percent_statements_covered_display": "100"}, "missing_lines": [], "excluded_lines": [], "start_line": 1}}}, "models\\refresh_token.py": {"executed_lines": [1, 2, 3, 4, 6, 7, 9, 10, 11, 12, 13, 16], "summary": {"covered_lines": 12, "num_statements": 12, "percent_covered": 100.0, "percent_covered_display": "100", "missing_lines": 0, "excluded_lines": 0, "percent_statements_covered": 100.0, "percent_statements_covered_display": "100"}, "missing_lines": [], "excluded_lines": [], "functions": {"": {"executed_lines": [1, 2, 3, 4, 6, 7, 9, 10, 11, 12, 13, 16], "summary": {"covered_lines": 12, "num_statements": 12, "percent_covered": 100.0, "percent_covered_display": "100", "missing_lines": 0, "excluded_lines": 0, "percent_statements_covered": 100.0, "percent_statements_covered_display": "100"}, "missing_lines": [], "excluded_lines": [], "start_line": 1}}, "classes": {"RefreshToken": {"executed_lines": [], "summary": {"covered_lines": 0, "num_statements": 0, "percent_covered": 100.0, "percent_covered_display": "100", "missing_lines": 0, "excluded_lines": 0, "percent_statements_covered": 100.0, "percent_statements_covered_display": "100"}, "missing_lines": [], "excluded_lines": [], "start_line": 6}, "": {"executed_lines": [1, 2, 3, 4, 6, 7, 9, 10, 11, 12, 13, 16], "summary": {"covered_lines": 12, "num_statements": 12, "percent_covered": 100.0, "percent_covered_display": "100", "missing_lines": 0, "excluded_lines": 0, "percent_statements_covered": 100.0, "percent_statements_covered_display": "100"}, "missing_lines": [], "excluded_lines": [], "start_line": 1}}}, "models\\subscription.py": {"executed_lines": [1, 2, 3, 5, 6, 8, 9, 10, 11, 12, 13, 15], "summary": {"covered_lines": 12, "num_statements": 12, "percent_covered": 100.0, "percent_covered_display": "100", "missing_lines": 0, "excluded_lines": 0, "percent_statements_covered": 100.0, "percent_statements_covered_display": "100"}, "missing_lines": [], "excluded_lines": [], "functions": {"": {"executed_lines": [1, 2, 3, 5, 6, 8, 9, 10, 11, 12, 13, 15], "summary": {"covered_lines": 12, "num_statements": 12, "percent_covered": 100.0, "percent_covered_display": "100", "missing_lines": 0, "excluded_lines": 0, "percent_statements_covered": 100.0, "percent_statements_covered_display": "100"}, "missing_lines": [], "excluded_lines": [], "start_line": 1}}, "classes": {"Subscription": {"executed_lines": [], "summary": {"covered_lines": 0, "num_statements": 0, "percent_covered": 100.0, "percent_covered_display": "100", "missing_lines": 0, "excluded_lines": 0, "percent_statements_covered": 100.0, "percent_statements_covered_display": "100"}, "missing_lines": [], "excluded_lines": [], "start_line": 5}, "": {"executed_lines": [1, 2, 3, 5, 6, 8, 9, 10, 11, 12, 13, 15], "summary": {"covered_lines": 12, "num_statements": 12, "percent_covered": 100.0, "percent_covered_display": "100", "missing_lines": 0, "excluded_lines": 0, "percent_statements_covered": 100.0, "percent_statements_covered_display": "100"}, "missing_lines": [], "excluded_lines": [], "start_line": 1}}}, "models\\user.py": {"executed_lines": [2, 3, 4, 6, 7, 9, 10, 11, 13, 14, 19, 26, 32, 39, 45], "summary": {"covered_lines": 15, "num_statements": 16, "percent_covered": 93.75, "percent_covered_display": "94", "missing_lines": 1, "excluded_lines": 0, "percent_statements_covered": 93.75, "percent_statements_covered_display": "94"}, "missing_lines": [46], "excluded_lines": [], "functions": {"User.__repr__": {"executed_lines": [], "summary": {"covered_lines": 0, "num_statements": 1, "percent_covered": 0.0, "percent_covered_display": "0", "missing_lines": 1, "excluded_lines": 0, "percent_statements_covered": 0.0, "percent_statements_covered_display": "0"}, "missing_lines": [46], "excluded_lines": [], "start_line": 45}, "": {"executed_lines": [2, 3, 4, 6, 7, 9, 10, 11, 13, 14, 19, 26, 32, 39, 45], "summary": {"covered_lines": 15, "num_statements": 15, "percent_covered": 100.0, "percent_covered_display": "100", "missing_lines": 0, "excluded_lines": 0, "percent_statements_covered": 100.0, "percent_statements_covered_display": "100"}, "missing_lines": [], "excluded_lines": [], "start_line": 1}}, "classes": {"User": {"executed_lines": [], "summary": {"covered_lines": 0, "num_statements": 1, "percent_covered": 0.0, "percent_covered_display": "0", "missing_lines": 1, "excluded_lines": 0, "percent_statements_covered": 0.0, "percent_statements_covered_display": "0"}, "missing_lines": [46], "excluded_lines": [], "start_line": 6}, "": {"executed_lines": [2, 3, 4, 6, 7, 9, 10, 11, 13, 14, 19, 26, 32, 39, 45], "summary": {"covered_lines": 15, "num_statements": 15, "percent_covered": 100.0, "percent_covered_display": "100", "missing_lines": 0, "excluded_lines": 0, "percent_statements_covered": 100.0, "percent_statements_covered_display": "100"}, "missing_lines": [], "excluded_lines": [], "start_line": 1}}}, "routes\\admin.py": {"executed_lines": [1, 2, 3, 4, 5, 6, 7, 8, 9, 11, 12, 13, 14, 15, 16, 19, 23, 27, 42, 43, 59, 60, 69, 70, 85, 86, 98, 99, 107, 108, 127, 128, 154, 155, 191, 192, 252, 253], "summary": {"covered_lines": 38, "num_statements": 142, "percent_covered": 26.760563380281692, "percent_covered_display": "27", "missing_lines": 104, "excluded_lines": 0, "percent_statements_covered": 26.760563380281692, "percent_statements_covered_display": "27"}, "missing_lines": [31, 37, 38, 44, 45, 61, 71, 72, 73, 75, 76, 79, 81, 87, 88, 89, 90, 91, 93, 100, 109, 110, 111, 112, 113, 115, 134, 136, 137, 138, 139, 140, 142, 143, 144, 145, 146, 148, 161, 163, 164, 165, 166, 167, 169, 170, 171, 172, 174, 175, 176, 177, 178, 179, 181, 182, 183, 185, 198, 199, 200, 203, 206, 207, 208, 209, 210, 212, 213, 214, 215, 217, 218, 219, 220, 221, 222, 225, 226, 227, 228, 230, 231, 232, 234, 235, 236, 238, 239, 240, 242, 243, 244, 246, 262, 263, 264, 265, 266, 267, 268, 271, 272, 275], "excluded_lines": [], "functions": {"log_action": {"executed_lines": [], "summary": {"covered_lines": 0, "num_statements": 3, "percent_covered": 0.0, "percent_covered_display": "0", "missing_lines": 3, "excluded_lines": 0, "percent_statements_covered": 0.0, "percent_statements_covered_display": "0"}, "missing_lines": [31, 37, 38], "excluded_lines": [], "start_line": 27}, "list_sessions": {"executed_lines": [], "summary": {"covered_lines": 0, "num_statements": 2, "percent_covered": 0.0, "percent_covered_display": "0", "missing_lines": 2, "excluded_lines": 0, "percent_statements_covered": 0.0, "percent_statements_covered_display": "0"}, "missing_lines": [44, 45], "excluded_lines": [], "start_line": 43}, "sessions_page": {"executed_lines": [], "summary": {"covered_lines": 0, "num_statements": 1, "percent_covered": 0.0, "percent_covered_display": "0", "missing_lines": 1, "excluded_lines": 0, "percent_statements_covered": 0.0, "percent_statements_covered_display": "0"}, "missing_lines": [61], "excluded_lines": [], "start_line": 60}, "revoke_session": {"executed_lines": [], "summary": {"covered_lines": 0, "num_statements": 7, "percent_covered": 0.0, "percent_covered_display": "0", "missing_lines": 7, "excluded_lines": 0, "percent_statements_covered": 0.0, "percent_statements_covered_display": "0"}, "missing_lines": [71, 72, 73, 75, 76, 79, 81], "excluded_lines": [], "start_line": 70}, "audit_stats": {"executed_lines": [], "summary": {"covered_lines": 0, "num_statements": 6, "percent_covered": 0.0, "percent_covered_display": "0", "missing_lines": 6, "excluded_lines": 0, "percent_statements_covered": 0.0, "percent_statements_covered_display": "0"}, "missing_lines": [87, 88, 89, 90, 91, 93], "excluded_lines": [], "start_line": 86}, "audit_stats_page": {"executed_lines": [], "summary": {"covered_lines": 0, "num_statements": 1, "percent_covered": 0.0, "percent_covered_display": "0", "missing_lines": 1, "excluded_lines": 0, "percent_statements_covered": 0.0, "percent_statements_covered_display": "0"}, "missing_lines": [100], "excluded_lines": [], "start_line": 99}, "dashboard_page": {"executed_lines": [], "summary": {"covered_lines": 0, "num_statements": 6, "percent_covered": 0.0, "percent_covered_display": "0", "missing_lines": 6, "excluded_lines": 0, "percent_statements_covered": 0.0, "percent_statements_covered_display": "0"}, "missing_lines": [109, 110, 111, 112, 113, 115], "excluded_lines": [], "start_line": 108}, "export_dashboard_csv": {"executed_lines": [], "summary": {"covered_lines": 0, "num_statements": 12, "percent_covered": 0.0, "percent_covered_display": "0", "missing_lines": 12, "excluded_lines": 0, "percent_statements_covered": 0.0, "percent_statements_covered_display": "0"}, "missing_lines": [134, 136, 137, 138, 139, 140, 142, 143, 144, 145, 146, 148], "excluded_lines": [], "start_line": 128}, "export_dashboard_pdf": {"executed_lines": [], "summary": {"covered_lines": 0, "num_statements": 20, "percent_covered": 0.0, "percent_covered_display": "0", "missing_lines": 20, "excluded_lines": 0, "percent_statements_covered": 0.0, "percent_statements_covered_display": "0"}, "missing_lines": [161, 163, 164, 165, 166, 167, 169, 170, 171, 172, 174, 175, 176, 177, 178, 179, 181, 182, 183, 185], "excluded_lines": [], "start_line": 155}, "export_dashboard_pdf_with_chart": {"executed_lines": [], "summary": {"covered_lines": 0, "num_statements": 36, "percent_covered": 0.0, "percent_covered_display": "0", "missing_lines": 36, "excluded_lines": 0, "percent_statements_covered": 0.0, "percent_statements_covered_display": "0"}, "missing_lines": [198, 199, 200, 203, 206, 207, 208, 209, 210, 212, 213, 214, 215, 217, 218, 219, 220, 221, 222, 225, 226, 227, 228, 230, 231, 232, 234, 235, 236, 238, 239, 240, 242, 243, 244, 246], "excluded_lines": [], "start_line": 192}, "latest_audits": {"executed_lines": [], "summary": {"covered_lines": 0, "num_statements": 10, "percent_covered": 0.0, "percent_covered_display": "0", "missing_lines": 10, "excluded_lines": 0, "percent_statements_covered": 0.0, "percent_statements_covered_display": "0"}, "missing_lines": [262, 263, 264, 265, 266, 267, 268, 271, 272, 275], "excluded_lines": [], "start_line": 253}, "": {"executed_lines": [1, 2, 3, 4, 5, 6, 7, 8, 9, 11, 12, 13, 14, 15, 16, 19, 23, 27, 42, 43, 59, 60, 69, 70, 85, 86, 98, 99, 107, 108, 127, 128, 154, 155, 191, 192, 252, 253], "summary": {"covered_lines": 38, "num_statements": 38, "percent_covered": 100.0, "percent_covered_display": "100", "missing_lines": 0, "excluded_lines": 0, "percent_statements_covered": 100.0, "percent_statements_covered_display": "100"}, "missing_lines": [], "excluded_lines": [], "start_line": 1}}, "classes": {"": {"executed_lines": [1, 2, 3, 4, 5, 6, 7, 8, 9, 11, 12, 13, 14, 15, 16, 19, 23, 27, 42, 43, 59, 60, 69, 70, 85, 86, 98, 99, 107, 108, 127, 128, 154, 155, 191, 192, 252, 253], "summary": {"covered_lines": 38, "num_statements": 142, "percent_covered": 26.760563380281692, "percent_covered_display": "27", "missing_lines": 104, "excluded_lines": 0, "percent_statements_covered": 26.760563380281692, "percent_statements_covered_display": "27"}, "missing_lines": [31, 37, 38, 44, 45, 61, 71, 72, 73, 75, 76, 79, 81, 87, 88, 89, 90, 91, 93, 100, 109, 110, 111, 112, 113, 115, 134, 136, 137, 138, 139, 140, 142, 143, 144, 145, 146, 148, 161, 163, 164, 165, 166, 167, 169, 170, 171, 172, 174, 175, 176, 177, 178, 179, 181, 182, 183, 185, 198, 199, 200, 203, 206, 207, 208, 209, 210, 212, 213, 214, 215, 217, 218, 219, 220, 221, 222, 225, 226, 227, 228, 230, 231, 232, 234, 235, 236, 238, 239, 240, 242, 243, 244, 246, 262, 263, 264, 265, 266, 267, 268, 271, 272, 275], "excluded_lines": [], "start_line": 1}}}, "routes\\admin_users.py": {"executed_lines": [1, 2, 3, 4, 5, 6, 8, 9, 10, 11, 12, 14, 19, 24, 25, 76, 77, 121, 122], "summary": {"covered_lines": 19, "num_statements": 53, "percent_covered": 35.84905660377358, "percent_covered_display": "36", "missing_lines": 34, "excluded_lines": 0, "percent_statements_covered": 35.84905660377358, "percent_statements_covered_display": "36"}, "missing_lines": [34, 35, 37, 39, 40, 41, 42, 44, 45, 48, 55, 56, 58, 84, 85, 87, 88, 89, 90, 91, 93, 95, 96, 97, 98, 99, 101, 104, 111, 112, 114, 123, 124, 125], "excluded_lines": [], "functions": {"list_users": {"executed_lines": [], "summary": {"covered_lines": 0, "num_statements": 13, "percent_covered": 0.0, "percent_covered_display": "0", "missing_lines": 13, "excluded_lines": 0, "percent_statements_covered": 0.0, "percent_statements_covered_display": "0"}, "missing_lines": [34, 35, 37, 39, 40, 41, 42, 44, 45, 48, 55, 56, 58], "excluded_lines": [], "start_line": 25}, "export_users": {"executed_lines": [], "summary": {"covered_lines": 0, "num_statements": 18, "percent_covered": 0.0, "percent_covered_display": "0", "missing_lines": 18, "excluded_lines": 0, "percent_statements_covered": 0.0, "percent_statements_covered_display": "0"}, "missing_lines": [84, 85, 87, 88, 89, 90, 91, 93, 95, 96, 97, 98, 99, 101, 104, 111, 112, 114], "excluded_lines": [], "start_line": 77}, "users_page": {"executed_lines": [], "summary": {"covered_lines": 0, "num_statements": 3, "percent_covered": 0.0, "percent_covered_display": "0", "missing_lines": 3, "excluded_lines": 0, "percent_statements_covered": 0.0, "percent_statements_covered_display": "0"}, "missing_lines": [123, 124, 125], "excluded_lines": [], "start_line": 122}, "": {"executed_lines": [1, 2, 3, 4, 5, 6, 8, 9, 10, 11, 12, 14, 19, 24, 25, 76, 77, 121, 122], "summary": {"covered_lines": 19, "num_statements": 19, "percent_covered": 100.0, "percent_covered_display": "100", "missing_lines": 0, "excluded_lines": 0, "percent_statements_covered": 100.0, "percent_statements_covered_display": "100"}, "missing_lines": [], "excluded_lines": [], "start_line": 1}}, "classes": {"": {"executed_lines": [1, 2, 3, 4, 5, 6, 8, 9, 10, 11, 12, 14, 19, 24, 25, 76, 77, 121, 122], "summary": {"covered_lines": 19, "num_statements": 53, "percent_covered": 35.84905660377358, "percent_covered_display": "36", "missing_lines": 34, "excluded_lines": 0, "percent_statements_covered": 35.84905660377358, "percent_statements_covered_display": "36"}, "missing_lines": [34, 35, 37, 39, 40, 41, 42, 44, 45, 48, 55, 56, 58, 84, 85, 87, 88, 89, 90, 91, 93, 95, 96, 97, 98, 99, 101, 104, 111, 112, 114, 123, 124, 125], "excluded_lines": [], "start_line": 1}}}, "routes\\auth.py": {"executed_lines": [2, 3, 4, 5, 6, 7, 9, 11, 12, 13, 15, 16, 17, 19, 20], "summary": {"covered_lines": 15, "num_statements": 23, "percent_covered": 65.21739130434783, "percent_covered_display": "65", "missing_lines": 8, "excluded_lines": 0, "percent_statements_covered": 65.21739130434783, "percent_statements_covered_display": "65"}, "missing_lines": [22, 25, 26, 27, 29, 32, 34, 36], "excluded_lines": [], "functions": {"login_simple": {"executed_lines": [], "summary": {"covered_lines": 0, "num_statements": 8, "percent_covered": 0.0, "percent_covered_display": "0", "missing_lines": 8, "excluded_lines": 0, "percent_statements_covered": 0.0, "percent_statements_covered_display": "0"}, "missing_lines": [22, 25, 26, 27, 29, 32, 34, 36], "excluded_lines": [], "start_line": 20}, "": {"executed_lines": [2, 3, 4, 5, 6, 7, 9, 11, 12, 13, 15, 16, 17, 19, 20], "summary": {"covered_lines": 15, "num_statements": 15, "percent_covered": 100.0, "percent_covered_display": "100", "missing_lines": 0, "excluded_lines": 0, "percent_statements_covered": 100.0, "percent_statements_covered_display": "100"}, "missing_lines": [], "excluded_lines": [], "start_line": 1}}, "classes": {"LoginRequest": {"executed_lines": [], "summary": {"covered_lines": 0, "num_statements": 0, "percent_covered": 100.0, "percent_covered_display": "100", "missing_lines": 0, "excluded_lines": 0, "percent_statements_covered": 100.0, "percent_statements_covered_display": "100"}, "missing_lines": [], "excluded_lines": [], "start_line": 11}, "TokenResponse": {"executed_lines": [], "summary": {"covered_lines": 0, "num_statements": 0, "percent_covered": 100.0, "percent_covered_display": "100", "missing_lines": 0, "excluded_lines": 0, "percent_statements_covered": 100.0, "percent_statements_covered_display": "100"}, "missing_lines": [], "excluded_lines": [], "start_line": 15}, "": {"executed_lines": [2, 3, 4, 5, 6, 7, 9, 11, 12, 13, 15, 16, 17, 19, 20], "summary": {"covered_lines": 15, "num_statements": 23, "percent_covered": 65.21739130434783, "percent_covered_display": "65", "missing_lines": 8, "excluded_lines": 0, "percent_statements_covered": 65.21739130434783, "percent_statements_covered_display": "65"}, "missing_lines": [22, 25, 26, 27, 29, 32, 34, 36], "excluded_lines": [], "start_line": 1}}}, "routes\\cours.py": {"executed_lines": [2, 3, 4, 5, 6, 7, 9, 12, 13, 15, 16, 17, 18, 19, 22, 23, 24, 27, 28, 36, 37, 39, 40, 44, 45, 46, 48, 49, 50, 53, 54, 56, 57, 60, 61, 62], "summary": {"covered_lines": 36, "num_statements": 42, "percent_covered": 85.71428571428571, "percent_covered_display": "86", "missing_lines": 6, "excluded_lines": 0, "percent_statements_covered": 85.71428571428571, "percent_statements_covered_display": "86"}, "missing_lines": [30, 31, 32, 33, 41, 58], "excluded_lines": [], "functions": {"create_cours": {"executed_lines": [15, 16, 17, 18, 19], "summary": {"covered_lines": 5, "num_statements": 5, "percent_covered": 100.0, "percent_covered_display": "100", "missing_lines": 0, "excluded_lines": 0, "percent_statements_covered": 100.0, "percent_statements_covered_display": "100"}, "missing_lines": [], "excluded_lines": [], "start_line": 13}, "read_all_cours": {"executed_lines": [24], "summary": {"covered_lines": 1, "num_statements": 1, "percent_covered": 100.0, "percent_covered_display": "100", "missing_lines": 0, "excluded_lines": 0, "percent_statements_covered": 100.0, "percent_statements_covered_display": "100"}, "missing_lines": [], "excluded_lines": [], "start_line": 23}, "read_cours": {"executed_lines": [], "summary": {"covered_lines": 0, "num_statements": 4, "percent_covered": 0.0, "percent_covered_display": "0", "missing_lines": 4, "excluded_lines": 0, "percent_statements_covered": 0.0, "percent_statements_covered_display": "0"}, "missing_lines": [30, 31, 32, 33], "excluded_lines": [], "start_line": 28}, "update_cours": {"executed_lines": [39, 40, 44, 45, 46, 48, 49, 50], "summary": {"covered_lines": 8, "num_statements": 9, "percent_covered": 88.88888888888889, "percent_covered_display": "89", "missing_lines": 1, "excluded_lines": 0, "percent_statements_covered": 88.88888888888889, "percent_statements_covered_display": "89"}, "missing_lines": [41], "excluded_lines": [], "start_line": 37}, "delete_cours": {"executed_lines": [56, 57, 60, 61, 62], "summary": {"covered_lines": 5, "num_statements": 6, "percent_covered": 83.33333333333333, "percent_covered_display": "83", "missing_lines": 1, "excluded_lines": 0, "percent_statements_covered": 83.33333333333333, "percent_statements_covered_display": "83"}, "missing_lines": [58], "excluded_lines": [], "start_line": 54}, "": {"executed_lines": [2, 3, 4, 5, 6, 7, 9, 12, 13, 22, 23, 27, 28, 36, 37, 53, 54], "summary": {"covered_lines": 17, "num_statements": 17, "percent_covered": 100.0, "percent_covered_display": "100", "missing_lines": 0, "excluded_lines": 0, "percent_statements_covered": 100.0, "percent_statements_covered_display": "100"}, "missing_lines": [], "excluded_lines": [], "start_line": 1}}, "classes": {"": {"executed_lines": [2, 3, 4, 5, 6, 7, 9, 12, 13, 15, 16, 17, 18, 19, 22, 23, 24, 27, 28, 36, 37, 39, 40, 44, 45, 46, 48, 49, 50, 53, 54, 56, 57, 60, 61, 62], "summary": {"covered_lines": 36, "num_statements": 42, "percent_covered": 85.71428571428571, "percent_covered_display": "86", "missing_lines": 6, "excluded_lines": 0, "percent_statements_covered": 85.71428571428571, "percent_statements_covered_display": "86"}, "missing_lines": [30, 31, 32, 33, 41, 58], "excluded_lines": [], "start_line": 1}}}, "routes\\dashboard.py": {"executed_lines": [2, 3, 4, 5, 6, 8, 9, 10, 11, 12, 13, 14, 15, 16, 17, 18, 19, 21, 23, 31, 32, 145, 146, 228, 229], "summary": {"covered_lines": 25, "num_statements": 124, "percent_covered": 20.161290322580644, "percent_covered_display": "20", "missing_lines": 99, "excluded_lines": 0, "percent_statements_covered": 20.161290322580644, "percent_statements_covered_display": "20"}, "missing_lines": [25, 26, 27, 28, 37, 38, 40, 42, 45, 64, 65, 66, 67, 68, 70, 71, 72, 73, 74, 76, 77, 78, 79, 80, 83, 93, 94, 95, 96, 97, 98, 99, 100, 103, 104, 105, 106, 107, 108, 109, 112, 113, 114, 115, 116, 117, 118, 120, 122, 123, 125, 152, 153, 155, 157, 159, 169, 170, 171, 172, 173, 174, 177, 178, 180, 186, 187, 189, 195, 196, 198, 199, 200, 201, 202, 204, 205, 207, 220, 221, 222, 235, 236, 238, 240, 243, 244, 245, 255, 256, 260, 261, 268, 269, 272, 274, 279, 280, 281], "excluded_lines": [], "functions": {"reset_db_session": {"executed_lines": [], "summary": {"covered_lines": 0, "num_statements": 4, "percent_covered": 0.0, "percent_covered_display": "0", "missing_lines": 4, "excluded_lines": 0, "percent_statements_covered": 0.0, "percent_statements_covered_display": "0"}, "missing_lines": [25, 26, 27, 28], "excluded_lines": [], "start_line": 23}, "get_dashboard_stats": {"executed_lines": [], "summary": {"covered_lines": 0, "num_statements": 47, "percent_covered": 0.0, "percent_covered_display": "0", "missing_lines": 47, "excluded_lines": 0, "percent_statements_covered": 0.0, "percent_statements_covered_display": "0"}, "missing_lines": [37, 38, 40, 42, 45, 64, 65, 66, 67, 68, 70, 71, 72, 73, 74, 76, 77, 78, 79, 80, 83, 93, 94, 95, 96, 97, 98, 99, 100, 103, 104, 105, 106, 107, 108, 109, 112, 113, 114, 115, 116, 117, 118, 120, 122, 123, 125], "excluded_lines": [], "start_line": 32}, "get_chart_data": {"executed_lines": [], "summary": {"covered_lines": 0, "num_statements": 30, "percent_covered": 0.0, "percent_covered_display": "0", "missing_lines": 30, "excluded_lines": 0, "percent_statements_covered": 0.0, "percent_statements_covered_display": "0"}, "missing_lines": [152, 153, 155, 157, 159, 169, 170, 171, 172, 173, 174, 177, 178, 180, 186, 187, 189, 195, 196, 198, 199, 200, 201, 202, 204, 205, 207, 220, 221, 222], "excluded_lines": [], "start_line": 146}, "get_recent_activities": {"executed_lines": [], "summary": {"covered_lines": 0, "num_statements": 18, "percent_covered": 0.0, "percent_covered_display": "0", "missing_lines": 18, "excluded_lines": 0, "percent_statements_covered": 0.0, "percent_statements_covered_display": "0"}, "missing_lines": [235, 236, 238, 240, 243, 244, 245, 255, 256, 260, 261, 268, 269, 272, 274, 279, 280, 281], "excluded_lines": [], "start_line": 229}, "": {"executed_lines": [2, 3, 4, 5, 6, 8, 9, 10, 11, 12, 13, 14, 15, 16, 17, 18, 19, 21, 23, 31, 32, 145, 146, 228, 229], "summary": {"covered_lines": 25, "num_statements": 25, "percent_covered": 100.0, "percent_covered_display": "100", "missing_lines": 0, "excluded_lines": 0, "percent_statements_covered": 100.0, "percent_statements_covered_display": "100"}, "missing_lines": [], "excluded_lines": [], "start_line": 1}}, "classes": {"": {"executed_lines": [2, 3, 4, 5, 6, 8, 9, 10, 11, 12, 13, 14,
[...]
976744186046, "percent_covered_display": "54", "missing_lines": 79, "excluded_lines": 0, "percent_statements_covered": 54.06976744186046, "percent_statements_covered_display": "54"}, "missing_lines": [18, 19, 23, 24, 25, 26, 27, 28, 36, 37, 39, 56, 58, 59, 60, 61, 62, 93, 94, 95, 98, 99, 102, 103, 106, 108, 109, 110, 124, 125, 126, 129, 130, 133, 136, 137, 139, 141, 159, 160, 161, 173, 174, 177, 195, 198, 226, 227, 228, 231, 232, 233, 235, 236, 238, 240, 241, 242, 245, 247, 253, 254, 255, 256, 257, 260, 261, 263, 264, 265, 267, 269, 270, 271, 272, 273, 274, 275, 276], "excluded_lines": [], "start_line": 1}}}, "tests\\test_rate_limiter.py": {"executed_lines": [1, 2, 5, 6, 7, 9, 10, 12, 13, 16, 18, 22, 24, 26, 27, 29, 30, 31, 32, 33, 34, 35, 36, 37, 38, 39, 41, 43, 44, 46, 48, 52, 54, 55, 57, 60, 61, 63, 66, 68, 70, 71, 72, 73, 75, 76, 77, 79, 81, 85, 87, 88, 90, 91, 93, 94, 95, 97, 98, 99, 101, 103, 105, 107, 111, 113, 115, 116, 117, 119, 120, 121, 123, 125, 126, 127, 128, 130, 132, 136, 138, 139, 141, 142, 143, 144, 146, 147, 149, 151, 155, 157, 158, 160, 162, 164, 165, 166, 167, 168, 170, 172, 174, 175, 177, 179, 183, 185, 186, 188, 190, 191, 193, 195, 196, 197, 199, 200, 201, 202, 203, 205, 206, 208, 209, 211, 213], "summary": {"covered_lines": 127, "num_statements": 151, "percent_covered": 84.10596026490066, "percent_covered_display": "84", "missing_lines": 24, "excluded_lines": 0, "percent_statements_covered": 84.10596026490066, "percent_statements_covered_display": "84"}, "missing_lines": [214, 217, 218, 219, 221, 231, 232, 234, 235, 236, 237, 238, 239, 240, 241, 242, 243, 244, 246, 247, 249, 250, 252, 254], "excluded_lines": [], "functions": {"test_rate_limiter_block_after_100": {"executed_lines": [22, 24, 26, 27, 29, 30, 31, 32, 33, 34, 35, 36, 37, 38, 39, 41, 43, 44, 46], "summary": {"covered_lines": 19, "num_statements": 19, "percent_covered": 100.0, "percent_covered_display": "100", "missing_lines": 0, "excluded_lines": 0, "percent_statements_covered": 100.0, "percent_statements_covered_display": "100"}, "missing_lines": [], "excluded_lines": [], "start_line": 18}, "test_rate_limiter_error_message": {"executed_lines": [52, 54, 55, 57, 60, 61, 63, 66, 68, 70, 71, 72, 73, 75, 76, 77, 79], "summary": {"covered_lines": 17, "num_statements": 17, "percent_covered": 100.0, "percent_covered_display": "100", "missing_lines": 0, "excluded_lines": 0, "percent_statements_covered": 100.0, "percent_statements_covered_display": "100"}, "missing_lines": [], "excluded_lines": [], "start_line": 48}, "test_rate_limiter_reset_after_time": {"executed_lines": [85, 87, 88, 90, 91, 93, 94, 95, 97, 98, 99, 101, 103, 105], "summary": {"covered_lines": 14, "num_statements": 14, "percent_covered": 100.0, "percent_covered_display": "100", "missing_lines": 0, "excluded_lines": 0, "percent_statements_covered": 100.0, "percent_statements_covered_display": "100"}, "missing_lines": [], "excluded_lines": [], "start_line": 81}, "test_rate_limiter_public_pages_not_limited": {"executed_lines": [111, 113, 115, 116, 117, 119, 120, 121, 123, 125, 126, 127, 128, 130], "summary": {"covered_lines": 14, "num_statements": 14, "percent_covered": 100.0, "percent_covered_display": "100", "missing_lines": 0, "excluded_lines": 0, "percent_statements_covered": 100.0, "percent_statements_covered_display": "100"}, "missing_lines": [], "excluded_lines": [], "start_line": 107}, "test_rate_limiter_different_ips": {"executed_lines": [136, 138, 139, 141, 142, 143, 144, 146, 147, 149], "summary": {"covered_lines": 10, "num_statements": 10, "percent_covered": 100.0, "percent_covered_display": "100", "missing_lines": 0, "excluded_lines": 0, "percent_statements_covered": 100.0, "percent_statements_covered_display": "100"}, "missing_lines": [], "excluded_lines": [], "start_line": 132}, "test_rate_limiter_with_different_admin_endpoints": {"executed_lines": [155, 157, 158, 160, 162, 164, 165, 166, 167, 168, 170, 172, 174, 175, 177], "summary": {"covered_lines": 15, "num_statements": 15, "percent_covered": 100.0, "percent_covered_display": "100", "missing_lines": 0, "excluded_lines": 0, "percent_statements_covered": 100.0, "percent_statements_covered_display": "100"}, "missing_lines": [], "excluded_lines": [], "start_line": 151}, "test_rate_limiter_headers": {"executed_lines": [183, 185, 186, 188, 190, 191, 193, 195, 196, 197, 199, 200, 201, 202, 203, 205, 206, 208, 209, 211], "summary": {"covered_lines": 20, "num_statements": 20, "percent_covered": 100.0, "percent_covered_display": "100", "missing_lines": 0, "excluded_lines": 0, "percent_statements_covered": 100.0, "percent_statements_covered_display": "100"}, "missing_lines": [], "excluded_lines": [], "start_line": 179}, "": {"executed_lines": [1, 2, 5, 6, 7, 9, 10, 12, 13, 16, 18, 48, 81, 107, 132, 151, 179, 213], "summary": {"covered_lines": 18, "num_statements": 42, "percent_covered": 42.857142857142854, "percent_covered_display": "43", "missing_lines": 24, "excluded_lines": 0, "percent_statements_covered": 42.857142857142854, "percent_statements_covered_display": "43"}, "missing_lines": [214, 217, 218, 219, 221, 231, 232, 234, 235, 236, 237, 238, 239, 240, 241, 242, 243, 244, 246, 247, 249, 250, 252, 254], "excluded_lines": [], "start_line": 1}}, "classes": {"": {"executed_lines": [1, 2, 5, 6, 7, 9, 10, 12, 13, 16, 18, 22, 24, 26, 27, 29, 30, 31, 32, 33, 34, 35, 36, 37, 38, 39, 41, 43, 44, 46, 48, 52, 54, 55, 57, 60, 61, 63, 66, 68, 70, 71, 72, 73, 75, 76, 77, 79, 81, 85, 87, 88, 90, 91, 93, 94, 95, 97, 98, 99, 101, 103, 105, 107, 111, 113, 115, 116, 117, 119, 120, 121, 123, 125, 126, 127, 128, 130, 132, 136, 138, 139, 141, 142, 143, 144, 146, 147, 149, 151, 155, 157, 158, 160, 162, 164, 165, 166, 167, 168, 170, 172, 174, 175, 177, 179, 183, 185, 186, 188, 190, 191, 193, 195, 196, 197, 199, 200, 201, 202, 203, 205, 206, 208, 209, 211, 213], "summary": {"covered_lines": 127, "num_statements": 151, "percent_covered": 84.10596026490066, "percent_covered_display": "84", "missing_lines": 24, "excluded_lines": 0, "percent_statements_covered": 84.10596026490066, "percent_statements_covered_display": "84"}, "missing_lines": [214, 217, 218, 219, 221, 231, 232, 234, 235, 236, 237, 238, 239, 240, 241, 242, 243, 244, 246, 247, 249, 250, 252, 254], "excluded_lines": [], "start_line": 1}}}, "tests\\test_routes.py": {"executed_lines": [2, 3, 5, 7, 8, 9, 11, 13, 14, 15, 17, 19, 20, 21, 23, 25, 26, 27, 29, 31, 32, 33, 35, 38, 39, 42, 43, 44, 46, 48, 51, 53, 54, 57, 60, 61, 62, 72, 74, 76, 79, 81, 82, 85, 86, 87, 99, 101, 103, 105, 107, 123, 125, 127, 128, 130, 145, 147, 149, 150, 152, 153, 156, 171, 173, 175, 181, 182, 184, 186, 188, 190, 191, 193, 194, 195, 196, 198, 200, 202, 203, 205, 206, 207, 209, 211, 213, 214, 215, 217, 219, 220, 221, 223, 280], "summary": {"covered_lines": 95, "num_statements": 168, "percent_covered": 56.54761904761905, "percent_covered_display": "57", "missing_lines": 73, "excluded_lines": 0, "percent_statements_covered": 56.54761904761905, "percent_statements_covered_display": "57"}, "missing_lines": [63, 64, 65, 66, 67, 68, 69, 70, 88, 89, 90, 92, 93, 95, 96, 97, 108, 110, 111, 114, 115, 116, 119, 120, 121, 131, 132, 133, 136, 137, 138, 141, 142, 143, 157, 158, 159, 162, 163, 164, 167, 168, 169, 225, 226, 227, 229, 248, 249, 250, 251, 252, 253, 254, 255, 256, 259, 260, 261, 263, 264, 266, 268, 269, 270, 271, 273, 275, 277, 281, 282, 284, 285], "excluded_lines": [], "functions": {"test_home_route": {"executed_lines": [7, 8, 9], "summary": {"covered_lines": 3, "num_statements": 3, "percent_covered": 100.0, "percent_covered_display": "100", "missing_lines": 0, "excluded_lines": 0, "percent_statements_covered": 100.0, "percent_statements_covered_display": "100"}, "missing_lines": [], "excluded_lines": [], "start_line": 5}, "test_about_route": {"executed_lines": [13, 14, 15], "summary": {"covered_lines": 3, "num_statements": 3, "percent_covered": 100.0, "percent_covered_display": "100", "missing_lines": 0, "excluded_lines": 0, "percent_statements_covered": 100.0, "percent_statements_covered_display": "100"}, "missing_lines": [], "excluded_lines": [], "start_line": 11}, "test_contact_page": {"executed_lines": [19, 20, 21], "summary": {"covered_lines": 3, "num_statements": 3, "percent_covered": 100.0, "percent_covered_display": "100", "missing_lines": 0, "excluded_lines": 0, "percent_statements_covered": 100.0, "percent_statements_covered_display": "100"}, "missing_lines": [], "excluded_lines": [], "start_line": 17}, "test_legal_page": {"executed_lines": [25, 26, 27], "summary": {"covered_lines": 3, "num_statements": 3, "percent_covered": 100.0, "percent_covered_display": "100", "missing_lines": 0, "excluded_lines": 0, "percent_statements_covered": 100.0, "percent_statements_covered_display": "100"}, "missing_lines": [], "excluded_lines": [], "start_line": 23}, "test_privacy_page": {"executed_lines": [31, 32, 33], "summary": {"covered_lines": 3, "num_statements": 3, "percent_covered": 100.0, "percent_covered_display": "100", "missing_lines": 0, "excluded_lines": 0, "percent_statements_covered": 100.0, "percent_statements_covered_display": "100"}, "missing_lines": [], "excluded_lines": [], "start_line": 29}, "test_auth_routes": {"executed_lines": [38, 39, 42, 43, 44], "summary": {"covered_lines": 5, "num_statements": 5, "percent_covered": 100.0, "percent_covered_display": "100", "missing_lines": 0, "excluded_lines": 0, "percent_statements_covered": 100.0, "percent_statements_covered_display": "100"}, "missing_lines": [], "excluded_lines": [], "start_line": 35}, "test_portfolio_route_conforme": {"executed_lines": [48, 51, 53, 54, 57, 60, 61, 62, 72], "summary": {"covered_lines": 9, "num_statements": 17, "percent_covered": 52.94117647058823, "percent_covered_display": "53", "missing_lines": 8, "excluded_lines": 0, "percent_statements_covered": 52.94117647058823, "percent_statements_covered_display": "53"}, "missing_lines": [63, 64, 65, 66, 67, 68, 69, 70], "excluded_lines": [], "start_line": 46}, "test_publications_route_conforme": {"executed_lines": [76, 79, 81, 82, 85, 86, 87, 99], "summary": {"covered_lines": 8, "num_statements": 16, "percent_covered": 50.0, "percent_covered_display": "50", "missing_lines": 8, "excluded_lines": 0, "percent_statements_covered": 50.0, "percent_statements_covered_display": "50"}, "missing_lines": [88, 89, 90, 92, 93, 95, 96, 97], "excluded_lines": [], "start_line": 74}, "test_api_publications_endpoint_structure": {"executed_lines": [103, 105, 107, 123], "summary": {"covered_lines": 4, "num_statements": 13, "percent_covered": 30.76923076923077, "percent_covered_display": "31", "missing_lines": 9, "excluded_lines": 0, "percent_statements_covered": 30.76923076923077, "percent_statements_covered_display": "31"}, "missing_lines": [108, 110, 111, 114, 115, 116, 119, 120, 121], "excluded_lines": [], "start_line": 101}, "test_api_projects_endpoint_structure": {"executed_lines": [127, 128, 130, 145], "summary": {"covered_lines": 4, "num_statements": 13, "percent_covered": 30.76923076923077, "percent_covered_display": "31", "missing_lines": 9, "excluded_lines": 0, "percent_statements_covered": 30.76923076923077, "percent_statements_covered_display": "31"}, "missing_lines": [131, 132, 133, 136, 137, 138, 141, 142, 143], "excluded_lines": [], "start_line": 125}, "test_openapi_schema_conformity": {"executed_lines": [149, 150, 152, 153, 156, 171], "summary": {"covered_lines": 6, "num_statements": 15, "percent_covered": 40.0, "percent_covered_display": "40", "missing_lines": 9, "excluded_lines": 0, "percent_statements_covered": 40.0, "percent_statements_covered_display": "40"}, "missing_lines": [157, 158, 159, 162, 163, 164, 167, 168, 169], "excluded_lines": [], "start_line": 147}, "test_protected_routes_without_auth": {"executed_lines": [175, 181, 182, 184, 186], "summary": {"covered_lines": 5, "num_statements": 5, "percent_covered": 100.0, "percent_covered_display": "100", "missing_lines": 0, "excluded_lines": 0, "percent_statements_covered": 100.0, "percent_statements_covered_display": "100"}, "missing_lines": [], "excluded_lines": [], "start_line": 173}, "test_api_info_endpoint": {"executed_lines": [190, 191, 193, 194, 195, 196, 198], "summary": {"covered_lines": 7, "num_statements": 7, "percent_covered": 100.0, "percent_covered_display": "100", "missing_lines": 0, "excluded_lines": 0, "percent_statements_covered": 100.0, "percent_statements_covered_display": "100"}, "missing_lines": [], "excluded_lines": [], "start_line": 188}, "test_health_check": {"executed_lines": [202, 203, 205, 206, 207, 209], "summary": {"covered_lines": 6, "num_statements": 6, "percent_covered": 100.0, "percent_covered_display": "100", "missing_lines": 0, "excluded_lines": 0, "percent_statements_covered": 100.0, "percent_statements_covered_display": "100"}, "missing_lines": [], "excluded_lines": [], "start_line": 200}, "test_docs_accessible": {"executed_lines": [213, 214, 215], "summary": {"covered_lines": 3, "num_statements": 3, "percent_covered": 100.0, "percent_covered_display": "100", "missing_lines": 0, "excluded_lines": 0, "percent_statements_covered": 100.0, "percent_statements_covered_display": "100"}, "missing_lines": [], "excluded_lines": [], "start_line": 211}, "test_redoc_accessible": {"executed_lines": [219, 220, 221], "summary": {"covered_lines": 3, "num_statements": 3, "percent_covered": 100.0, "percent_covered_display": "100", "missing_lines": 0, "excluded_lines": 0, "percent_statements_covered": 100.0, "percent_statements_covered_display": "100"}, "missing_lines": [], "excluded_lines": [], "start_line": 217}, "run_all_conformity_tests": {"executed_lines": [], "summary": {"covered_lines": 0, "num_statements": 26, "percent_covered": 0.0, "percent_covered_display": "0", "missing_lines": 26, "excluded_lines": 0, "percent_statements_covered": 0.0, "percent_statements_covered_display": "0"}, "missing_lines": [225, 226, 227, 229, 248, 249, 250, 251, 252, 253, 254, 255, 256, 259, 260, 261, 263, 264, 266, 268, 269, 270, 271, 273, 275, 277], "excluded_lines": [], "start_line": 223}, "": {"executed_lines": [2, 3, 5, 11, 17, 23, 29, 35, 46, 74, 101, 125, 147, 173, 188, 200, 211, 217, 223, 280], "summary": {"covered_lines": 20, "num_statements": 24, "percent_covered": 83.33333333333333, "percent_covered_display": "83", "missing_lines": 4, "excluded_lines": 0, "percent_statements_covered": 83.33333333333333, "percent_statements_covered_display": "83"}, "missing_lines": [281, 282, 284, 285], "excluded_lines": [], "start_line": 1}}, "classes": {"": {"executed_lines": [2, 3, 5, 7, 8, 9, 11, 13, 14, 15, 17, 19, 20, 21, 23, 25, 26, 27, 29, 31, 32, 33, 35, 38, 39, 42, 43, 44, 46, 48, 51, 53, 54, 57, 60, 61, 62, 72, 74, 76, 79, 81, 82, 85, 86, 87, 99, 101, 103, 105, 107, 123, 125, 127, 128, 130, 145, 147, 149, 150, 152, 153, 156, 171, 173, 175, 181, 182, 184, 186, 188, 190, 191, 193, 194, 195, 196, 198, 200, 202, 203, 205, 206, 207, 209, 211, 213, 214, 215, 217, 219, 220, 221, 223, 280], "summary": {"covered_lines": 95, "num_statements": 168, "percent_covered": 56.54761904761905, "percent_covered_display": "57", "missing_lines": 73, "excluded_lines": 0, "percent_statements_covered": 56.54761904761905, "percent_statements_covered_display": "57"}, "missing_lines": [63, 64, 65, 66, 67, 68, 69, 70, 88, 89, 90, 92, 93, 95, 96, 97, 108, 110, 111, 114, 115, 116, 119, 120, 121, 131, 132, 133, 136, 137, 138, 141, 142, 143, 157, 158, 159, 162, 163, 164, 167, 168, 169, 225, 226, 227, 229, 248, 249, 250, 251, 252, 253, 254, 255, 256, 259, 260, 261, 263, 264, 266, 268, 269, 270, 271, 273, 275, 277, 281, 282, 284, 285], "excluded_lines": [], "start_line": 1}}}, "tests\\test_security.py": {"executed_lines": [1, 3, 5, 7, 10, 11, 12, 17, 20, 23, 24, 26, 28, 30, 33, 34, 35, 37, 43, 44, 45, 48, 55, 56, 59, 60, 63, 73, 75], "summary": {"covered_lines": 29, "num_statements": 29, "percent_covered": 100.0, "percent_covered_display": "100", "missing_lines": 0, "excluded_lines": 0, "percent_statements_covered": 100.0, "percent_statements_covered_display": "100"}, "missing_lines": [], "excluded_lines": [], "functions": {"test_security_headers": {"executed_lines": [5, 7, 10, 11, 12], "summary": {"covered_lines": 5, "num_statements": 5, "percent_covered": 100.0, "percent_covered_display": "100", "missing_lines": 0, "excluded_lines": 0, "percent_statements_covered": 100.0, "percent_statements_covered_display": "100"}, "missing_lines": [], "excluded_lines": [], "start_line": 3}, "test_rate_limiting": {"executed_lines": [20, 23, 24, 26, 28], "summary": {"covered_lines": 5, "num_statements": 5, "percent_covered": 100.0, "percent_covered_display": "100", "missing_lines": 0, "excluded_lines": 0, "percent_statements_covered": 100.0, "percent_statements_covered_display": "100"}, "missing_lines": [], "excluded_lines": [], "start_line": 17}, "test_csrf_protection": {"executed_lines": [33, 34, 35, 37, 43, 44, 45, 48, 55, 56, 59, 60, 63, 73, 75], "summary": {"covered_lines": 15, "num_statements": 15, "percent_covered": 100.0, "percent_covered_display": "100", "missing_lines": 0, "excluded_lines": 0, "percent_statements_covered": 100.0, "percent_statements_covered_display": "100"}, "missing_lines": [], "excluded_lines": [], "start_line": 30}, "": {"executed_lines": [1, 3, 17, 30], "summary": {"covered_lines": 4, "num_statements": 4, "percent_covered": 100.0, "percent_covered_display": "100", "missing_lines": 0, "excluded_lines": 0, "percent_statements_covered": 100.0, "percent_statements_covered_display": "100"}, "missing_lines": [], "excluded_lines": [], "start_line": 1}}, "classes": {"": {"executed_lines": [1, 3, 5, 7, 10, 11, 12, 17, 20, 23, 24, 26, 28, 30, 33, 34, 35, 37, 43, 44, 45, 48, 55, 56, 59, 60, 63, 73, 75], "summary": {"covered_lines": 29, "num_statements": 29, "percent_covered": 100.0, "percent_covered_display": "100", "missing_lines": 0, "excluded_lines": 0, "percent_statements_covered": 100.0, "percent_statements_covered_display": "100"}, "missing_lines": [], "excluded_lines": [], "start_line": 1}}}, "tests\\test_simple_rate.py": {"executed_lines": [1, 2, 5, 6, 7, 9, 10, 11, 13, 15, 18, 21, 23, 26, 27, 28, 29, 30, 31, 32, 33, 35, 38, 40, 42], "summary": {"covered_lines": 25, "num_statements": 26, "percent_covered": 96.15384615384616, "percent_covered_display": "96", "missing_lines": 1, "excluded_lines": 0, "percent_statements_covered": 96.15384615384616, "percent_statements_covered_display": "96"}, "missing_lines": [43], "excluded_lines": [], "functions": {"test_simple_rate_limit": {"executed_lines": [18, 21, 23, 26, 27, 28, 29, 30, 31, 32, 33, 35, 38, 40], "summary": {"covered_lines": 14, "num_statements": 14, "percent_covered": 100.0, "percent_covered_display": "100", "missing_lines": 0, "excluded_lines": 0, "percent_statements_covered": 100.0, "percent_statements_covered_display": "100"}, "missing_lines": [], "excluded_lines": [], "start_line": 15}, "": {"executed_lines": [1, 2, 5, 6, 7, 9, 10, 11, 13, 15, 42], "summary": {"covered_lines": 11, "num_statements": 12, "percent_covered": 91.66666666666667, "percent_covered_display": "92", "missing_lines": 1, "excluded_lines": 0, "percent_statements_covered": 91.66666666666667, "percent_statements_covered_display": "92"}, "missing_lines": [43], "excluded_lines": [], "start_line": 1}}, "classes": {"": {"executed_lines": [1, 2, 5, 6, 7, 9, 10, 11, 13, 15, 18, 21, 23, 26, 27, 28, 29, 30, 31, 32, 33, 35, 38, 40, 42], "summary": {"covered_lines": 25, "num_statements": 26, "percent_covered": 96.15384615384616, "percent_covered_display": "96", "missing_lines": 1, "excluded_lines": 0, "percent_statements_covered": 96.15384615384616, "percent_statements_covered_display": "96"}, "missing_lines": [43], "excluded_lines": [], "start_line": 1}}}}, "totals": {"covered_lines": 2215, "num_statements": 3431, "percent_covered": 64.55843777324395, "percent_covered_display": "65", "missing_lines": 1216, "excluded_lines": 0, "percent_statements_covered": 64.55843777324395, "percent_statements_covered_display": "65"}}